2025-02-27 17:50:40,351 - INFO - ================================================================================
2025-02-27 17:50:40,351 - INFO - YOUTUBE CSV NORMALIZER
2025-02-27 17:50:40,351 - INFO - ================================================================================
2025-02-27 17:50:40,351 - INFO - Processing file: ../data/data_csv/videos_detail_animals_20241015.csv
2025-02-27 17:50:40,351 - INFO - Reading CSV file...
2025-02-27 17:50:40,351 - ERROR - Error normalizing CSV file: The 'low_memory' option is not supported with the 'python' engine
Traceback (most recent call last):
  File "/Users/yjhong/Desktop/YouTube-Data-Collection/all/src_py/cleancsv.py", line 42, in <module>
    df = pd.read_csv(
         ^^^^^^^^^^^^
  File "/Users/yjhong/miniconda3/lib/python3.11/site-packages/pandas/io/parsers/readers.py", line 1026, in read_csv
    return _read(filepath_or_buffer, kwds)
           ^^^^^^^^^^^^^^^^^^^^^^^^^^^^^^^
  File "/Users/yjhong/miniconda3/lib/python3.11/site-packages/pandas/io/parsers/readers.py", line 620, in _read
    parser = TextFileReader(filepath_or_buffer, **kwds)
             ^^^^^^^^^^^^^^^^^^^^^^^^^^^^^^^^^^^^^^^^^^
  File "/Users/yjhong/miniconda3/lib/python3.11/site-packages/pandas/io/parsers/readers.py", line 1607, in __init__
    options = self._get_options_with_defaults(engine)
              ^^^^^^^^^^^^^^^^^^^^^^^^^^^^^^^^^^^^^^^
  File "/Users/yjhong/miniconda3/lib/python3.11/site-packages/pandas/io/parsers/readers.py", line 1660, in _get_options_with_defaults
    raise ValueError(
ValueError: The 'low_memory' option is not supported with the 'python' engine
