Tue Feb  4 00:00:01 UTC 2025
Scraped data for Alan Chikin Chow
Scraped data for LankyBox
Scraped data for Marta and Rustam
Scraped data for Brent Rivera
Scraped data for The Tonight Show Starring Jimmy Fallon
Scraped data for _vector_
Scraped data for CuRe 구래
Timeout occurred for https://us.youtubers.me/corre-berg/youtuber-stats. Retrying... (Attempt 1/3)
Timeout occurred for https://us.youtubers.me/hai-official/youtuber-stats. Retrying... (Attempt 1/3)
Timeout occurred for https://us.youtubers.me/mwendokasimedia-media/youtuber-stats. Retrying... (Attempt 1/3)
Timeout occurred for https://us.youtubers.me/panperstube/youtuber-stats. Retrying... (Attempt 1/3)
Timeout occurred for https://us.youtubers.me/thadd-boii/youtuber-stats. Retrying... (Attempt 1/3)
Timeout occurred for https://us.youtubers.me/jessica-kirson/youtuber-stats. Retrying... (Attempt 1/3)
Timeout occurred for https://us.youtubers.me/1-minute-talk-show/youtuber-stats. Retrying... (Attempt 1/3)
Timeout occurred for https://us.youtubers.me/capndesdes/youtuber-stats. Retrying... (Attempt 1/3)
Timeout occurred for https://us.youtubers.me/olanrogers/youtuber-stats. Retrying... (Attempt 1/3)
Timeout occurred for https://us.youtubers.me/gabe-erwin/youtuber-stats. Retrying... (Attempt 1/3)
Timeout occurred for https://us.youtubers.me/emily-fitzgerald/youtuber-stats. Retrying... (Attempt 1/3)
Timeout occurred for https://us.youtubers.me/beez/youtuber-stats. Retrying... (Attempt 1/3)
Timeout occurred for https://us.youtubers.me/joeybtoonz/youtuber-stats. Retrying... (Attempt 1/3)
Timeout occurred for https://us.youtubers.me/mthandeni-mahlaba/youtuber-stats. Retrying... (Attempt 1/3)
Timeout occurred for https://us.youtubers.me/jo-koy/youtuber-stats. Retrying... (Attempt 1/3)
Timeout occurred for https://us.youtubers.me/el-george-harris/youtuber-stats. Retrying... (Attempt 1/3)
Timeout occurred for https://us.youtubers.me/aj-rafael/youtuber-stats. Retrying... (Attempt 1/3)
Timeout occurred for https://us.youtubers.me/dominicdeangelis/youtuber-stats. Retrying... (Attempt 1/3)
Timeout occurred for https://us.youtubers.me/carmen-q-gollihar/youtuber-stats. Retrying... (Attempt 1/3)
Timeout occurred for https://us.youtubers.me/viraltime/youtuber-stats. Retrying... (Attempt 1/3)
Timeout occurred for https://us.youtubers.me/funnymenow/youtuber-stats. Retrying... (Attempt 1/3)
Timeout occurred for https://us.youtubers.me/youkeyy/youtuber-stats. Retrying... (Attempt 1/3)
Timeout occurred for https://us.youtubers.me/x6ari8x/youtuber-stats. Retrying... (Attempt 1/3)
Timeout occurred for https://us.youtubers.me/adam-mcintyre/youtuber-stats. Retrying... (Attempt 1/3)
Timeout occurred for https://us.youtubers.me/hot-chilis/youtuber-stats. Retrying... (Attempt 1/3)
Timeout occurred for https://us.youtubers.me/kvoncomedy/youtuber-stats. Retrying... (Attempt 1/3)
Timeout occurred for https://us.youtubers.me/zakirovlar_oilasi/youtuber-stats. Retrying... (Attempt 1/3)
Timeout occurred for https://us.youtubers.me/crazy-trending/youtuber-stats. Retrying... (Attempt 1/3)
Timeout occurred for https://us.youtubers.me/scott-cramer/youtuber-stats. Retrying... (Attempt 1/3)
Timeout occurred for https://us.youtubers.me/andre-black-nerd/youtuber-stats. Retrying... (Attempt 1/3)
Timeout occurred for https://us.youtubers.me/actual-justice-warrior/youtuber-stats. Retrying... (Attempt 1/3)
Timeout occurred for https://us.youtubers.me/studio-level/youtuber-stats. Retrying... (Attempt 1/3)
Timeout occurred for https://us.youtubers.me/jorge-villarreal/youtuber-stats. Retrying... (Attempt 1/3)
Timeout occurred for https://us.youtubers.me/kmac2021/youtuber-stats. Retrying... (Attempt 1/3)
Timeout occurred for https://us.youtubers.me/brilliant-idiots/youtuber-stats. Retrying... (Attempt 1/3)
Timeout occurred for https://us.youtubers.me/spilling-the-youtube-tea/youtuber-stats. Retrying... (Attempt 1/3)
Timeout occurred for https://us.youtubers.me/merrymemes/youtuber-stats. Retrying... (Attempt 1/3)
Timeout occurred for https://us.youtubers.me/lana-rhoades/youtuber-stats. Retrying... (Attempt 1/3)
Timeout occurred for https://us.youtubers.me/veeoneeye/youtuber-stats. Retrying... (Attempt 1/3)
Timeout occurred for https://us.youtubers.me/800-pound-gorilla-records/youtuber-stats. Retrying... (Attempt 1/3)
Timeout occurred for https://us.youtubers.me/lol-club/youtuber-stats. Retrying... (Attempt 1/3)
Timeout occurred for https://us.youtubers.me/preacherlawson/youtuber-stats. Retrying... (Attempt 1/3)
Timeout occurred for https://us.youtubers.me/vvest/youtuber-stats. Retrying... (Attempt 1/3)
Timeout occurred for https://us.youtubers.me/keke-palmer/youtuber-stats. Retrying... (Attempt 1/3)
Timeout occurred for https://us.youtubers.me/bucherclub/youtuber-stats. Retrying... (Attempt 1/3)
Timeout occurred for https://us.youtubers.me/monnie-drea/youtuber-stats. Retrying... (Attempt 1/3)
Timeout occurred for https://us.youtubers.me/dimension20/youtuber-stats. Retrying... (Attempt 1/3)
Timeout occurred for https://us.youtubers.me/daivo-racingshop/youtuber-stats. Retrying... (Attempt 1/3)
Timeout occurred for https://us.youtubers.me/jrmun0z/youtuber-stats. Retrying... (Attempt 1/3)
Timeout occurred for https://us.youtubers.me/hiddenreaction/youtuber-stats. Retrying... (Attempt 1/3)
Timeout occurred for https://us.youtubers.me/axel-parker/youtuber-stats. Retrying... (Attempt 1/3)
Timeout occurred for https://us.youtubers.me/mamrie-hart/youtuber-stats. Retrying... (Attempt 1/3)
Timeout occurred for https://us.youtubers.me/aung-thu-lwin-kelvin-kate/youtuber-stats. Retrying... (Attempt 1/3)
Timeout occurred for https://us.youtubers.me/dante-d-angelo/youtuber-stats. Retrying... (Attempt 1/3)
Timeout occurred for https://us.youtubers.me/redgreentv/youtuber-stats. Retrying... (Attempt 1/3)
Timeout occurred for https://us.youtubers.me/newabratv/youtuber-stats. Retrying... (Attempt 1/3)
Timeout occurred for https://us.youtubers.me/rob-anderson/youtuber-stats. Retrying... (Attempt 1/3)
Timeout occurred for https://us.youtubers.me/meechonmars/youtuber-stats. Retrying... (Attempt 1/3)
Timeout occurred for https://us.youtubers.me/smily-officiel/youtuber-stats. Retrying... (Attempt 1/3)
Timeout occurred for https://us.youtubers.me/aaron-and-jo/youtuber-stats. Retrying... (Attempt 1/3)
Timeout occurred for https://us.youtubers.me/mydigitalescape/youtuber-stats. Retrying... (Attempt 1/3)
Timeout occurred for https://us.youtubers.me/redneck-pudding/youtuber-stats. Retrying... (Attempt 1/3)
Timeout occurred for https://us.youtubers.me/kountry-wayne/youtuber-stats. Retrying... (Attempt 1/3)
Timeout occurred for https://us.youtubers.me/kurosai/youtuber-stats. Retrying... (Attempt 1/3)
Timeout occurred for https://us.youtubers.me/marko-andruss/youtuber-stats. Retrying... (Attempt 1/3)
Timeout occurred for https://us.youtubers.me/la-turtle/youtuber-stats. Retrying... (Attempt 1/3)
Timeout occurred for https://us.youtubers.me/huga/youtuber-stats. Retrying... (Attempt 1/3)
Timeout occurred for https://us.youtubers.me/team-starkid/youtuber-stats. Retrying... (Attempt 1/3)
Timeout occurred for https://us.youtubers.me/e92b5f10-c14f-4689-9302-c10e5cbbd750/youtuber-stats. Retrying... (Attempt 1/3)
Timeout occurred for https://us.youtubers.me/mega-mcvlogs/youtuber-stats. Retrying... (Attempt 1/3)
Timeout occurred for https://us.youtubers.me/razzaqtube/youtuber-stats. Retrying... (Attempt 1/3)
Timeout occurred for https://us.youtubers.me/brandon-calvillo-as-well/youtuber-stats. Retrying... (Attempt 1/3)
Timeout occurred for https://us.youtubers.me/thedaitrickster/youtuber-stats. Retrying... (Attempt 1/3)
Timeout occurred for https://us.youtubers.me/microwave-society/youtuber-stats. Retrying... (Attempt 1/3)
Timeout occurred for https://us.youtubers.me/the-ellises/youtuber-stats. Retrying... (Attempt 1/3)
Timeout occurred for https://us.youtubers.me/watch-me/youtuber-stats. Retrying... (Attempt 1/3)
Timeout occurred for https://us.youtubers.me/itsgoodburgered/youtuber-stats. Retrying... (Attempt 1/3)
Timeout occurred for https://us.youtubers.me/eliasrivera-tv/youtuber-stats. Retrying... (Attempt 1/3)
Timeout occurred for https://us.youtubers.me/leanne-morgan-comedy/youtuber-stats. Retrying... (Attempt 1/3)
Timeout occurred for https://us.youtubers.me/the-whitest-kids-u-know/youtuber-stats. Retrying... (Attempt 1/3)
Timeout occurred for https://us.youtubers.me/dimension-20-shorts/youtuber-stats. Retrying... (Attempt 1/3)
Timeout occurred for https://us.youtubers.me/javo-machado/youtuber-stats. Retrying... (Attempt 1/3)
Timeout occurred for https://us.youtubers.me/garrett-williamson/youtuber-stats. Retrying... (Attempt 1/3)
Timeout occurred for https://us.youtubers.me/zippkey/youtuber-stats. Retrying... (Attempt 1/3)
Timeout occurred for https://us.youtubers.me/blimey-cow/youtuber-stats. Retrying... (Attempt 1/3)
Timeout occurred for https://us.youtubers.me/andrew-santino/youtuber-stats. Retrying... (Attempt 1/3)
Timeout occurred for https://us.youtubers.me/diesel-patches/youtuber-stats. Retrying... (Attempt 1/3)
Timeout occurred for https://us.youtubers.me/comedyheaven/youtuber-stats. Retrying... (Attempt 1/3)
Timeout occurred for https://us.youtubers.me/aum_ccp/youtuber-stats. Retrying... (Attempt 1/3)
Timeout occurred for https://us.youtubers.me/blok-dino/youtuber-stats. Retrying... (Attempt 1/3)
Timeout occurred for https://us.youtubers.me/free-time/youtuber-stats. Retrying... (Attempt 1/3)
Timeout occurred for https://us.youtubers.me/jessismiles/youtuber-stats. Retrying... (Attempt 1/3)
Timeout occurred for https://us.youtubers.me/big-nik/youtuber-stats. Retrying... (Attempt 1/3)
Timeout occurred for https://us.youtubers.me/eddie-griffin/youtuber-stats. Retrying... (Attempt 1/3)
Timeout occurred for https://us.youtubers.me/joe-goes/youtuber-stats. Retrying... (Attempt 1/3)
Timeout occurred for https://us.youtubers.me/imaray-ulloa/youtuber-stats. Retrying... (Attempt 1/3)
Timeout occurred for https://us.youtubers.me/thereal-b-nard/youtuber-stats. Retrying... (Attempt 1/3)
Timeout occurred for https://us.youtubers.me/tyler-butterworth/youtuber-stats. Retrying... (Attempt 1/3)
Timeout occurred for https://us.youtubers.me/laiyaface-tv/youtuber-stats. Retrying... (Attempt 1/3)
Timeout occurred for https://us.youtubers.me/clifford-owusu/youtuber-stats. Retrying... (Attempt 1/3)
Timeout occurred for https://us.youtubers.me/bek-vines/youtuber-stats. Retrying... (Attempt 1/3)
Timeout occurred for https://us.youtubers.me/j-fred/youtuber-stats. Retrying... (Attempt 1/3)
Timeout occurred for https://us.youtubers.me/samy-martinez/youtuber-stats. Retrying... (Attempt 1/3)
Timeout occurred for https://us.youtubers.me/adin-kolansky/youtuber-stats. Retrying... (Attempt 1/3)
Timeout occurred for https://us.youtubers.me/grimmjack/youtuber-stats. Retrying... (Attempt 1/3)
Timeout occurred for https://us.youtubers.me/gentlebarn/youtuber-stats. Retrying... (Attempt 1/3)
Timeout occurred for https://us.youtubers.me/tyrantclowns/youtuber-stats. Retrying... (Attempt 1/3)
Timeout occurred for https://us.youtubers.me/hooli/youtuber-stats. Retrying... (Attempt 1/3)
Timeout occurred for https://us.youtubers.me/bored-shorts-tv/youtuber-stats. Retrying... (Attempt 1/3)
Timeout occurred for https://us.youtubers.me/dumpster-dive-king/youtuber-stats. Retrying... (Attempt 1/3)
Timeout occurred for https://us.youtubers.me/troycetv/youtuber-stats. Retrying... (Attempt 1/3)
Timeout occurred for https://us.youtubers.me/polygon-donut/youtuber-stats. Retrying... (Attempt 1/3)
Timeout occurred for https://us.youtubers.me/i-m-tom/youtuber-stats. Retrying... (Attempt 1/3)
Timeout occurred for https://us.youtubers.me/failarmy-u/youtuber-stats. Retrying... (Attempt 1/3)
Timeout occurred for https://us.youtubers.me/marlon-webb/youtuber-stats. Retrying... (Attempt 1/3)
Timeout occurred for https://us.youtubers.me/rick-glassman/youtuber-stats. Retrying... (Attempt 1/3)
Timeout occurred for https://us.youtubers.me/puppet-steve-minecraft-fnaf-toy-unboxings/youtuber-stats. Retrying... (Attempt 1/3)
Timeout occurred for https://us.youtubers.me/just-between-us/youtuber-stats. Retrying... (Attempt 1/3)
Timeout occurred for https://us.youtubers.me/el-show-de-piolin/youtuber-stats. Retrying... (Attempt 1/3)
Timeout occurred for https://us.youtubers.me/easy-breezie/youtuber-stats. Retrying... (Attempt 1/3)
Timeout occurred for https://us.youtubers.me/banu-berberoglu/youtuber-stats. Retrying... (Attempt 1/3)
Timeout occurred for https://us.youtubers.me/vonvon-tv/youtuber-stats. Retrying... (Attempt 1/3)
Timeout occurred for https://us.youtubers.me/cantoons/youtuber-stats. Retrying... (Attempt 1/3)
Timeout occurred for https://us.youtubers.me/ltcorbis/youtuber-stats. Retrying... (Attempt 1/3)
Timeout occurred for https://us.youtubers.me/rease/youtuber-stats. Retrying... (Attempt 1/3)
Timeout occurred for https://us.youtubers.me/scootermagruder/youtuber-stats. Retrying... (Attempt 1/3)
Timeout occurred for https://us.youtubers.me/sus-seth/youtuber-stats. Retrying... (Attempt 1/3)
Timeout occurred for https://us.youtubers.me/flame-11d58777-cf5f-4aa1-a47c-4c6353880b77/youtuber-stats. Retrying... (Attempt 1/3)
Timeout occurred for https://us.youtubers.me/kitty-bites/youtuber-stats. Retrying... (Attempt 1/3)
Timeout occurred for https://us.youtubers.me/boogah/youtuber-stats. Retrying... (Attempt 1/3)
Timeout occurred for https://us.youtubers.me/mrmaximus/youtuber-stats. Retrying... (Attempt 1/3)
Timeout occurred for https://us.youtubers.me/freakteam/youtuber-stats. Retrying... (Attempt 1/3)
Timeout occurred for https://us.youtubers.me/bill-burr/youtuber-stats. Retrying... (Attempt 1/3)
Timeout occurred for https://us.youtubers.me/the-anime-boiis/youtuber-stats. Retrying... (Attempt 1/3)
Timeout occurred for https://us.youtubers.me/triberamos/youtuber-stats. Retrying... (Attempt 1/3)
Timeout occurred for https://us.youtubers.me/exclamationpointyt/youtuber-stats. Retrying... (Attempt 1/3)
Timeout occurred for https://us.youtubers.me/ninaandranda/youtuber-stats. Retrying... (Attempt 1/3)
Timeout occurred for https://us.youtubers.me/corinne-victoria/youtuber-stats. Retrying... (Attempt 1/3)
Timeout occurred for https://us.youtubers.me/chris-emily/youtuber-stats. Retrying... (Attempt 1/3)
Timeout occurred for https://us.youtubers.me/vet-tv/youtuber-stats. Retrying... (Attempt 1/3)
Timeout occurred for https://us.youtubers.me/pelix/youtuber-stats. Retrying... (Attempt 1/3)
Timeout occurred for https://us.youtubers.me/funfailz/youtuber-stats. Retrying... (Attempt 1/3)
Timeout occurred for https://us.youtubers.me/a-brush-with-bekah/youtuber-stats. Retrying... (Attempt 1/3)
Timeout occurred for https://us.youtubers.me/radial-stick/youtuber-stats. Retrying... (Attempt 1/3)
Timeout occurred for https://us.youtubers.me/themysticvlog/youtuber-stats. Retrying... (Attempt 1/3)
Timeout occurred for https://us.youtubers.me/hug-me-tv/youtuber-stats. Retrying... (Attempt 1/3)
Timeout occurred for https://us.youtubers.me/mischief-labz/youtuber-stats. Retrying... (Attempt 1/3)
Timeout occurred for https://us.youtubers.me/matteo-lane/youtuber-stats. Retrying... (Attempt 1/3)
Timeout occurred for https://us.youtubers.me/lauratrev1/youtuber-stats. Retrying... (Attempt 1/3)
Timeout occurred for https://us.youtubers.me/prank-hd/youtuber-stats. Retrying... (Attempt 1/3)
Timeout occurred for https://us.youtubers.me/qvz-official/youtuber-stats. Retrying... (Attempt 1/3)
Timeout occurred for https://us.youtubers.me/aok/youtuber-stats. Retrying... (Attempt 1/3)
Timeout occurred for https://us.youtubers.me/dcigs/youtuber-stats. Retrying... (Attempt 1/3)
Timeout occurred for https://us.youtubers.me/viktorcrazy/youtuber-stats. Retrying... (Attempt 1/3)
Timeout occurred for https://us.youtubers.me/jake-polino/youtuber-stats. Retrying... (Attempt 1/3)
Timeout occurred for https://us.youtubers.me/nao-pode-ser/youtuber-stats. Retrying... (Attempt 1/3)
Timeout occurred for https://us.youtubers.me/allicattt/youtuber-stats. Retrying... (Attempt 1/3)
Timeout occurred for https://us.youtubers.me/rachel-vlogs/youtuber-stats. Retrying... (Attempt 1/3)
Timeout occurred for https://us.youtubers.me/eliseo-aguilar-d2bfa753-87e4-45a7-8440-45c13f926063/youtuber-stats. Retrying... (Attempt 1/3)
Timeout occurred for https://us.youtubers.me/lyle-forever/youtuber-stats. Retrying... (Attempt 1/3)
Timeout occurred for https://us.youtubers.me/carly-and-erin/youtuber-stats. Retrying... (Attempt 1/3)
Timeout occurred for https://us.youtubers.me/flusya/youtuber-stats. Retrying... (Attempt 1/3)
Timeout occurred for https://us.youtubers.me/of-the-comics/youtuber-stats. Retrying... (Attempt 1/3)
Timeout occurred for https://us.youtubers.me/michael-groth/youtuber-stats. Retrying... (Attempt 1/3)
Timeout occurred for https://us.youtubers.me/ashley-mardell/youtuber-stats. Retrying... (Attempt 1/3)
Timeout occurred for https://us.youtubers.me/steven-deng/youtuber-stats. Retrying... (Attempt 1/3)
Timeout occurred for https://us.youtubers.me/panda-tv/youtuber-stats. Retrying... (Attempt 1/3)
Timeout occurred for https://us.youtubers.me/akana/youtuber-stats. Retrying... (Attempt 1/3)
Timeout occurred for https://us.youtubers.me/pat-kelly/youtuber-stats. Retrying... (Attempt 1/3)
Timeout occurred for https://us.youtubers.me/the-boxing-antelope/youtuber-stats. Retrying... (Attempt 1/3)
Timeout occurred for https://us.youtubers.me/the-omar-gosh/youtuber-stats. Retrying... (Attempt 1/3)
Timeout occurred for https://us.youtubers.me/video-of-the-week/youtuber-stats. Retrying... (Attempt 1/3)
Timeout occurred for https://us.youtubers.me/lubentv/youtuber-stats. Retrying... (Attempt 1/3)
Timeout occurred for https://us.youtubers.me/lahfa/youtuber-stats. Retrying... (Attempt 1/3)
Timeout occurred for https://us.youtubers.me/jawbreaker-juice/youtuber-stats. Retrying... (Attempt 1/3)
Timeout occurred for https://us.youtubers.me/babyleague/youtuber-stats. Retrying... (Attempt 1/3)
Timeout occurred for https://us.youtubers.me/itsbambii-playhouse/youtuber-stats. Retrying... (Attempt 1/3)
Timeout occurred for https://us.youtubers.me/the-best-fails/youtuber-stats. Retrying... (Attempt 1/3)
Timeout occurred for https://us.youtubers.me/helloxryan/youtuber-stats. Retrying... (Attempt 1/3)
Timeout occurred for https://us.youtubers.me/la-guardia-cross/youtuber-stats. Retrying... (Attempt 1/3)
Timeout occurred for https://us.youtubers.me/avaz-oxun/youtuber-stats. Retrying... (Attempt 1/3)
Timeout occurred for https://us.youtubers.me/happyslip/youtuber-stats. Retrying... (Attempt 1/3)
Timeout occurred for https://us.youtubers.me/syd-olivia/youtuber-stats. Retrying... (Attempt 1/3)
Timeout occurred for https://us.youtubers.me/tb-lithuania/youtuber-stats. Retrying... (Attempt 1/3)
Timeout occurred for https://us.youtubers.me/your-mom-s-house-clips/youtuber-stats. Retrying... (Attempt 1/3)
Timeout occurred for https://us.youtubers.me/terrell-green/youtuber-stats. Retrying... (Attempt 1/3)
Timeout occurred for https://us.youtubers.me/saltydkdan/youtuber-stats. Retrying... (Attempt 1/3)
Timeout occurred for https://us.youtubers.me/evan/youtuber-stats. Retrying... (Attempt 1/3)
Timeout occurred for https://us.youtubers.me/mortis/youtuber-stats. Retrying... (Attempt 1/3)
Timeout occurred for https://us.youtubers.me/rayasianboyshorts/youtuber-stats. Retrying... (Attempt 1/3)
Timeout occurred for https://us.youtubers.me/caci-twins/youtuber-stats. Retrying... (Attempt 1/3)
Timeout occurred for https://us.youtubers.me/nicktendo-9a157eea-0f35-4e6e-b381-42f9749420b4/youtuber-stats. Retrying... (Attempt 1/3)
Timeout occurred for https://us.youtubers.me/abbos-kenja/youtuber-stats. Retrying... (Attempt 1/3)
Timeout occurred for https://us.youtubers.me/violette1st/youtuber-stats. Retrying... (Attempt 1/3)
Timeout occurred for https://us.youtubers.me/brian-david-gilbert/youtuber-stats. Retrying... (Attempt 1/3)
Timeout occurred for https://us.youtubers.me/mitchell-davis/youtuber-stats. Retrying... (Attempt 1/3)
Timeout occurred for https://us.youtubers.me/all-things-comedy/youtuber-stats. Retrying... (Attempt 1/3)
Timeout occurred for https://us.youtubers.me/ventureswithmia/youtuber-stats. Retrying... (Attempt 1/3)
Timeout occurred for https://us.youtubers.me/milesjaiproductions/youtuber-stats. Retrying... (Attempt 1/3)
Timeout occurred for https://us.youtubers.me/unsubscribepodcast/youtuber-stats. Retrying... (Attempt 1/3)
Timeout occurred for https://us.youtubers.me/nkunim/youtuber-stats. Retrying... (Attempt 1/3)
Timeout occurred for https://us.youtubers.me/nepal-comedy/youtuber-stats. Retrying... (Attempt 1/3)
Timeout occurred for https://us.youtubers.me/nephi-acaling/youtuber-stats. Retrying... (Attempt 1/3)
Timeout occurred for https://us.youtubers.me/whatsgoodmedia/youtuber-stats. Retrying... (Attempt 1/3)
Timeout occurred for https://us.youtubers.me/ff1d272f-43be-4a63-a89f-7ecd7fc66632/youtuber-stats. Retrying... (Attempt 1/3)
Timeout occurred for https://us.youtubers.me/climate-town/youtuber-stats. Retrying... (Attempt 1/3)
Timeout occurred for https://us.youtubers.me/vibrator-productions/youtuber-stats. Retrying... (Attempt 1/3)
Timeout occurred for https://us.youtubers.me/maxnosleeves/youtuber-stats. Retrying... (Attempt 1/3)
Timeout occurred for https://us.youtubers.me/i-m-not-norm/youtuber-stats. Retrying... (Attempt 1/3)
Timeout occurred for https://us.youtubers.me/amanda-mccants/youtuber-stats. Retrying... (Attempt 1/3)
Timeout occurred for https://us.youtubers.me/koreanbeef27/youtuber-stats. Retrying... (Attempt 1/3)
Timeout occurred for https://us.youtubers.me/theboogshow/youtuber-stats. Retrying... (Attempt 1/3)
Timeout occurred for https://us.youtubers.me/k-hood/youtuber-stats. Retrying... (Attempt 1/3)
Timeout occurred for https://us.youtubers.me/daniel-buyeske/youtuber-stats. Retrying... (Attempt 1/3)
Timeout occurred for https://us.youtubers.me/amine-delta/youtuber-stats. Retrying... (Attempt 1/3)
Timeout occurred for https://us.youtubers.me/top-kek/youtuber-stats. Retrying... (Attempt 1/3)
Timeout occurred for https://us.youtubers.me/nerzhul/youtuber-stats. Retrying... (Attempt 1/3)
Timeout occurred for https://us.youtubers.me/weest/youtuber-stats. Retrying... (Attempt 1/3)
Timeout occurred for https://us.youtubers.me/doogtoons/youtuber-stats. Retrying... (Attempt 1/3)
Timeout occurred for https://us.youtubers.me/melf/youtuber-stats. Retrying... (Attempt 1/3)
Timeout occurred for https://us.youtubers.me/timhawkinscomedy/youtuber-stats. Retrying... (Attempt 1/3)
Timeout occurred for https://us.youtubers.me/blocks-zavia-show/youtuber-stats. Retrying... (Attempt 1/3)
Timeout occurred for https://us.youtubers.me/max-goodrich/youtuber-stats. Retrying... (Attempt 1/3)
Timeout occurred for https://us.youtubers.me/chinoalphawolf/youtuber-stats. Retrying... (Attempt 1/3)
Timeout occurred for https://us.youtubers.me/undercover-cop/youtuber-stats. Retrying... (Attempt 1/3)
Timeout occurred for https://us.youtubers.me/bluejay/youtuber-stats. Retrying... (Attempt 1/3)
Timeout occurred for https://us.youtubers.me/infinite-vines/youtuber-stats. Retrying... (Attempt 1/3)
Timeout occurred for https://us.youtubers.me/funny-instavid/youtuber-stats. Retrying... (Attempt 1/3)
Timeout occurred for https://us.youtubers.me/dale-brisby/youtuber-stats. Retrying... (Attempt 1/3)
Timeout occurred for https://us.youtubers.me/screen-recap/youtuber-stats. Retrying... (Attempt 1/3)
Timeout occurred for https://us.youtubers.me/amilonakis/youtuber-stats. Retrying... (Attempt 1/3)
Timeout occurred for https://us.youtubers.me/kaboom-go/youtuber-stats. Retrying... (Attempt 1/3)
Timeout occurred for https://us.youtubers.me/mono-mario/youtuber-stats. Retrying... (Attempt 1/3)
Timeout occurred for https://us.youtubers.me/jonah-riddle/youtuber-stats. Retrying... (Attempt 1/3)
Timeout occurred for https://us.youtubers.me/mugimikey/youtuber-stats. Retrying... (Attempt 1/3)
Timeout occurred for https://us.youtubers.me/grumpout/youtuber-stats. Retrying... (Attempt 1/3)
Timeout occurred for https://us.youtubers.me/criticas-qls/youtuber-stats. Retrying... (Attempt 1/3)
Timeout occurred for https://us.youtubers.me/godfrey-comedy/youtuber-stats. Retrying... (Attempt 1/3)
Timeout occurred for https://us.youtubers.me/convos-with-my-2-year-old/youtuber-stats. Retrying... (Attempt 1/3)
Timeout occurred for https://us.youtubers.me/newgrounds/youtuber-stats. Retrying... (Attempt 1/3)
Timeout occurred for https://us.youtubers.me/mahzaidi/youtuber-stats. Retrying... (Attempt 1/3)
Timeout occurred for https://us.youtubers.me/the-trypod/youtuber-stats. Retrying... (Attempt 1/3)
Timeout occurred for https://us.youtubers.me/teatr-a-lemi/youtuber-stats. Retrying... (Attempt 1/3)
Timeout occurred for https://us.youtubers.me/khiankb/youtuber-stats. Retrying... (Attempt 1/3)
Timeout occurred for https://us.youtubers.me/ekin-soyak/youtuber-stats. Retrying... (Attempt 1/3)
Timeout occurred for https://us.youtubers.me/seanzoz/youtuber-stats. Retrying... (Attempt 1/3)
Timeout occurred for https://us.youtubers.me/watan-clips/youtuber-stats. Retrying... (Attempt 1/3)
Timeout occurred for https://us.youtubers.me/nicole-skyes-vlogs/youtuber-stats. Retrying... (Attempt 1/3)
Timeout occurred for https://us.youtubers.me/sarah-schauer/youtuber-stats. Retrying... (Attempt 1/3)
Timeout occurred for https://us.youtubers.me/oh-my-disney/youtuber-stats. Retrying... (Attempt 1/3)
Timeout occurred for https://us.youtubers.me/karendcasss/youtuber-stats. Retrying... (Attempt 1/3)
Timeout occurred for https://us.youtubers.me/meekhaylayt-playz/youtuber-stats. Retrying... (Attempt 1/3)
Timeout occurred for https://us.youtubers.me/billy-on-the-street/youtuber-stats. Retrying... (Attempt 1/3)
Timeout occurred for https://us.youtubers.me/pumas1313/youtuber-stats. Retrying... (Attempt 1/3)
Timeout occurred for https://us.youtubers.me/ricardo-nelson/youtuber-stats. Retrying... (Attempt 1/3)
Timeout occurred for https://us.youtubers.me/promote-memes/youtuber-stats. Retrying... (Attempt 1/3)
Timeout occurred for https://us.youtubers.me/realarious/youtuber-stats. Retrying... (Attempt 1/3)
Timeout occurred for https://us.youtubers.me/legiqn/youtuber-stats. Retrying... (Attempt 1/3)
Timeout occurred for https://us.youtubers.me/two-hot-takes/youtuber-stats. Retrying... (Attempt 1/3)
Timeout occurred for https://us.youtubers.me/issa-rae/youtuber-stats. Retrying... (Attempt 1/3)
Timeout occurred for https://us.youtubers.me/clair-hawkins/youtuber-stats. Retrying... (Attempt 1/3)
Timeout occurred for https://us.youtubers.me/anjelah-johnson-reyes/youtuber-stats. Retrying... (Attempt 1/3)
Timeout occurred for https://us.youtubers.me/damon-dominique/youtuber-stats. Retrying... (Attempt 1/3)
Timeout occurred for https://us.youtubers.me/impact-dd435f73-37b1-42b6-9cda-061d7879a8e2/youtuber-stats. Retrying... (Attempt 1/3)
Timeout occurred for https://us.youtubers.me/dingle-hopperz/youtuber-stats. Retrying... (Attempt 1/3)
Timeout occurred for https://us.youtubers.me/el-pichy-films/youtuber-stats. Retrying... (Attempt 1/3)
Timeout occurred for https://us.youtubers.me/daddyofive/youtuber-stats. Retrying... (Attempt 1/3)
Timeout occurred for https://us.youtubers.me/haminations-em-portugues/youtuber-stats. Retrying... (Attempt 1/3)
Timeout occurred for https://us.youtubers.me/best-of-c-i-l-ng/youtuber-stats. Retrying... (Attempt 1/3)
Timeout occurred for https://us.youtubers.me/comedy-bites/youtuber-stats. Retrying... (Attempt 1/3)
Timeout occurred for https://us.youtubers.me/ka5-tv/youtuber-stats. Retrying... (Attempt 1/3)
Timeout occurred for https://us.youtubers.me/scooby-snacc/youtuber-stats. Retrying... (Attempt 1/3)
Timeout occurred for https://us.youtubers.me/pmx-soundz/youtuber-stats. Retrying... (Attempt 1/3)
Timeout occurred for https://us.youtubers.me/sebastian-maniscalco/youtuber-stats. Retrying... (Attempt 1/3)
Timeout occurred for https://us.youtubers.me/anthony-vo/youtuber-stats. Retrying... (Attempt 1/3)
Timeout occurred for https://us.youtubers.me/l-p-records/youtuber-stats. Retrying... (Attempt 1/3)
Timeout occurred for https://us.youtubers.me/chanwills0/youtuber-stats. Retrying... (Attempt 1/3)
Timeout occurred for https://us.youtubers.me/2m-media/youtuber-stats. Retrying... (Attempt 1/3)
Timeout occurred for https://us.youtubers.me/fth-official/youtuber-stats. Retrying... (Attempt 1/3)
Timeout occurred for https://us.youtubers.me/shanna-malcolm/youtuber-stats. Retrying... (Attempt 1/3)
Timeout occurred for https://us.youtubers.me/zzang-funny/youtuber-stats. Retrying... (Attempt 1/3)
Timeout occurred for https://us.youtubers.me/dez-the-lez/youtuber-stats. Retrying... (Attempt 1/3)
Timeout occurred for https://us.youtubers.me/anthony-ipant-s/youtuber-stats. Retrying... (Attempt 1/3)
Timeout occurred for https://us.youtubers.me/jeremiah-phillips/youtuber-stats. Retrying... (Attempt 1/3)
Timeout occurred for https://us.youtubers.me/habitual-linecrosser/youtuber-stats. Retrying... (Attempt 1/3)
Timeout occurred for https://us.youtubers.me/nobiggietv/youtuber-stats. Retrying... (Attempt 1/3)
Timeout occurred for https://us.youtubers.me/ryan-the-leader/youtuber-stats. Retrying... (Attempt 1/3)
Timeout occurred for https://us.youtubers.me/hannah-montoya/youtuber-stats. Retrying... (Attempt 1/3)
Timeout occurred for https://us.youtubers.me/samuel-lewis/youtuber-stats. Retrying... (Attempt 1/3)
Timeout occurred for https://us.youtubers.me/jokah-tululu/youtuber-stats. Retrying... (Attempt 1/3)
Timeout occurred for https://us.youtubers.me/hoodskiiz/youtuber-stats. Retrying... (Attempt 1/3)
Timeout occurred for https://us.youtubers.me/xia-capretta/youtuber-stats. Retrying... (Attempt 1/3)
Timeout occurred for https://us.youtubers.me/darkmatter2525/youtuber-stats. Retrying... (Attempt 1/3)
Timeout occurred for https://us.youtubers.me/ali-siddiq/youtuber-stats. Retrying... (Attempt 1/3)
Timeout occurred for https://us.youtubers.me/melissa-shoshahi/youtuber-stats. Retrying... (Attempt 1/3)
Timeout occurred for https://us.youtubers.me/daphnique-springs/youtuber-stats. Retrying... (Attempt 1/3)
Timeout occurred for https://us.youtubers.me/sarah-kaynee/youtuber-stats. Retrying... (Attempt 1/3)
Timeout occurred for https://us.youtubers.me/tiffanyferg/youtuber-stats. Retrying... (Attempt 1/3)
Timeout occurred for https://us.youtubers.me/oglightskins/youtuber-stats. Retrying... (Attempt 1/3)
Timeout occurred for https://us.youtubers.me/tp-comedy/youtuber-stats. Retrying... (Attempt 1/3)
Timeout occurred for https://us.youtubers.me/mario-selman/youtuber-stats. Retrying... (Attempt 1/3)
Timeout occurred for https://us.youtubers.me/i-vegot7/youtuber-stats. Retrying... (Attempt 1/3)
Timeout occurred for https://us.youtubers.me/adam-ray-okay/youtuber-stats. Retrying... (Attempt 1/3)
Timeout occurred for https://us.youtubers.me/the-holderness-family/youtuber-stats. Retrying... (Attempt 1/3)
Timeout occurred for https://us.youtubers.me/liam-vickers-animation/youtuber-stats. Retrying... (Attempt 1/3)
Timeout occurred for https://us.youtubers.me/mikaela-long/youtuber-stats. Retrying... (Attempt 1/3)
Timeout occurred for https://us.youtubers.me/ordinary-sausage/youtuber-stats. Retrying... (Attempt 1/3)
Timeout occurred for https://us.youtubers.me/catimation-ai/youtuber-stats. Retrying... (Attempt 1/3)
Timeout occurred for https://us.youtubers.me/youth-pastor-ryan/youtuber-stats. Retrying... (Attempt 1/3)
Timeout occurred for https://us.youtubers.me/max-challenge/youtuber-stats. Retrying... (Attempt 1/3)
Timeout occurred for https://us.youtubers.me/stavros-halkias/youtuber-stats. Retrying... (Attempt 1/3)
Timeout occurred for https://us.youtubers.me/lilieth-martinez/youtuber-stats. Retrying... (Attempt 1/3)
Timeout occurred for https://us.youtubers.me/andrey-vg/youtuber-stats. Retrying... (Attempt 1/3)
Timeout occurred for https://us.youtubers.me/italianinho-global/youtuber-stats. Retrying... (Attempt 1/3)
Timeout occurred for https://us.youtubers.me/smith-benavides/youtuber-stats. Retrying... (Attempt 1/3)
Timeout occurred for https://us.youtubers.me/brilliant-news/youtuber-stats. Retrying... (Attempt 1/3)
Timeout occurred for https://us.youtubers.me/neil-cicierega/youtuber-stats. Retrying... (Attempt 1/3)
Timeout occurred for https://us.youtubers.me/idiotikshow/youtuber-stats. Retrying... (Attempt 1/3)
Timeout occurred for https://us.youtubers.me/comedy-dynamics/youtuber-stats. Retrying... (Attempt 1/3)
Timeout occurred for https://us.youtubers.me/thethirdpew/youtuber-stats. Retrying... (Attempt 1/3)
Timeout occurred for https://us.youtubers.me/the-fantastiques/youtuber-stats. Retrying... (Attempt 1/3)
Timeout occurred for https://us.youtubers.me/shorts-prank/youtuber-stats. Retrying... (Attempt 1/3)
Timeout occurred for https://us.youtubers.me/fleccas-talks/youtuber-stats. Retrying... (Attempt 1/3)
Timeout occurred for https://us.youtubers.me/you-betcha/youtuber-stats. Retrying... (Attempt 1/3)
Timeout occurred for https://us.youtubers.me/the-parodie-bros-show/youtuber-stats. Retrying... (Attempt 1/3)
Timeout occurred for https://us.youtubers.me/joke-wrld/youtuber-stats. Retrying... (Attempt 1/3)
Timeout occurred for https://us.youtubers.me/jeremy-littel/youtuber-stats. Retrying... (Attempt 1/3)
Timeout occurred for https://us.youtubers.me/husband-and-wife-channel/youtuber-stats. Retrying... (Attempt 1/3)
Timeout occurred for https://us.youtubers.me/chocolate-sundaes-comedy/youtuber-stats. Retrying... (Attempt 1/3)
Timeout occurred for https://us.youtubers.me/thehtfamv/youtuber-stats. Retrying... (Attempt 1/3)
Timeout occurred for https://us.youtubers.me/sweedee/youtuber-stats. Retrying... (Attempt 1/3)
Timeout occurred for https://us.youtubers.me/lukas-arnold/youtuber-stats. Retrying... (Attempt 1/3)
Timeout occurred for https://us.youtubers.me/freeshow/youtuber-stats. Retrying... (Attempt 1/3)
Timeout occurred for https://us.youtubers.me/josue-thesis/youtuber-stats. Retrying... (Attempt 1/3)
Timeout occurred for https://us.youtubers.me/imbrandonfarris-shorts/youtuber-stats. Retrying... (Attempt 1/3)
Timeout occurred for https://us.youtubers.me/sofiyabroyan/youtuber-stats. Retrying... (Attempt 1/3)
Timeout occurred for https://us.youtubers.me/cristiano-ronaldo-shorts/youtuber-stats. Retrying... (Attempt 1/3)
Timeout occurred for https://us.youtubers.me/spellbooked/youtuber-stats. Retrying... (Attempt 1/3)
Timeout occurred for https://us.youtubers.me/justvidman/youtuber-stats. Retrying... (Attempt 1/3)
Timeout occurred for https://us.youtubers.me/superfun/youtuber-stats. Retrying... (Attempt 1/3)
Timeout occurred for https://us.youtubers.me/steve-hofstetter/youtuber-stats. Retrying... (Attempt 1/3)
Timeout occurred for https://us.youtubers.me/sixteenleo/youtuber-stats. Retrying... (Attempt 1/3)
Timeout occurred for https://us.youtubers.me/netwix/youtuber-stats. Retrying... (Attempt 1/3)
Timeout occurred for https://us.youtubers.me/funny-vine-videos-fvv/youtuber-stats. Retrying... (Attempt 1/3)
Timeout occurred for https://us.youtubers.me/chris-and-tray/youtuber-stats. Retrying... (Attempt 1/3)
Timeout occurred for https://us.youtubers.me/randominicshow/youtuber-stats. Retrying... (Attempt 1/3)
Timeout occurred for https://us.youtubers.me/qalpoq/youtuber-stats. Retrying... (Attempt 1/3)
Timeout occurred for https://us.youtubers.me/jake-rasmussen/youtuber-stats. Retrying... (Attempt 1/3)
Timeout occurred for https://us.youtubers.me/tom-segura/youtuber-stats. Retrying... (Attempt 1/3)
Timeout occurred for https://us.youtubers.me/ibeshucks/youtuber-stats. Retrying... (Attempt 1/3)
Timeout occurred for https://us.youtubers.me/humor-period/youtuber-stats. Retrying... (Attempt 1/3)
Timeout occurred for https://us.youtubers.me/ugh-it-s-joe/youtuber-stats. Retrying... (Attempt 1/3)
Timeout occurred for https://us.youtubers.me/randy-rainbow/youtuber-stats. Retrying... (Attempt 1/3)
Timeout occurred for https://us.youtubers.me/justdellie/youtuber-stats. Retrying... (Attempt 1/3)
Timeout occurred for https://us.youtubers.me/zhvachka-pranks/youtuber-stats. Retrying... (Attempt 1/3)
Timeout occurred for https://us.youtubers.me/sven-johnson/youtuber-stats. Retrying... (Attempt 1/3)
Timeout occurred for https://us.youtubers.me/christianadamg/youtuber-stats. Retrying... (Attempt 1/3)
Timeout occurred for https://us.youtubers.me/comedyah/youtuber-stats. Retrying... (Attempt 1/3)
Timeout occurred for https://us.youtubers.me/babytv-uz/youtuber-stats. Retrying... (Attempt 1/3)
Timeout occurred for https://us.youtubers.me/laugh-out-loud-flix/youtuber-stats. Retrying... (Attempt 1/3)
Timeout occurred for https://us.youtubers.me/aychristene/youtuber-stats. Retrying... (Attempt 1/3)
Timeout occurred for https://us.youtubers.me/loryn-powell/youtuber-stats. Retrying... (Attempt 1/3)
Timeout occurred for https://us.youtubers.me/77ee0e80-93b5-4a32-b3f4-f833f360d386/youtuber-stats. Retrying... (Attempt 1/3)
Timeout occurred for https://us.youtubers.me/fjerry/youtuber-stats. Retrying... (Attempt 1/3)
Timeout occurred for https://us.youtubers.me/brian-moller-b-mo-the-prince/youtuber-stats. Retrying... (Attempt 1/3)
Timeout occurred for https://us.youtubers.me/banana-cartoon/youtuber-stats. Retrying... (Attempt 1/3)
Timeout occurred for https://us.youtubers.me/aqua-dubs/youtuber-stats. Retrying... (Attempt 1/3)
Timeout occurred for https://us.youtubers.me/jacob-cruikshank/youtuber-stats. Retrying... (Attempt 1/3)
Timeout occurred for https://us.youtubers.me/kountry-wayne-382bb508-e5a4-434f-ad97-a0af5e83ebb3/youtuber-stats. Retrying... (Attempt 1/3)
Timeout occurred for https://us.youtubers.me/the-magic-crasher/youtuber-stats. Retrying... (Attempt 1/3)
Timeout occurred for https://us.youtubers.me/daniel-labelle-plus/youtuber-stats. Retrying... (Attempt 1/3)
Timeout occurred for https://us.youtubers.me/kozich/youtuber-stats. Retrying... (Attempt 1/3)
Timeout occurred for https://us.youtubers.me/curtislepore/youtuber-stats. Retrying... (Attempt 1/3)
Timeout occurred for https://us.youtubers.me/dr-shaym/youtuber-stats. Retrying... (Attempt 1/3)
Timeout occurred for https://us.youtubers.me/casa-comedy-tv/youtuber-stats. Retrying... (Attempt 1/3)
Timeout occurred for https://us.youtubers.me/some-more-news/youtuber-stats. Retrying... (Attempt 1/3)
Timeout occurred for https://us.youtubers.me/denis-davenport/youtuber-stats. Retrying... (Attempt 1/3)
Timeout occurred for https://us.youtubers.me/lost-in-the-pond/youtuber-stats. Retrying... (Attempt 1/3)
Timeout occurred for https://us.youtubers.me/mr-clabik-toys/youtuber-stats. Retrying... (Attempt 1/3)
Timeout occurred for https://us.youtubers.me/alx-james/youtuber-stats. Retrying... (Attempt 1/3)
Timeout occurred for https://us.youtubers.me/the-tim-dillon-show/youtuber-stats. Retrying... (Attempt 1/3)
Timeout occurred for https://us.youtubers.me/johnbcrist/youtuber-stats. Retrying... (Attempt 1/3)
Timeout occurred for https://us.youtubers.me/griffinilla-fandroid/youtuber-stats. Retrying... (Attempt 1/3)
Timeout occurred for https://us.youtubers.me/top-tiktop/youtuber-stats. Retrying... (Attempt 1/3)
Timeout occurred for https://us.youtubers.me/mark-normand/youtuber-stats. Retrying... (Attempt 1/3)
Timeout occurred for https://us.youtubers.me/vitaminclub/youtuber-stats. Retrying... (Attempt 1/3)
Timeout occurred for https://us.youtubers.me/traviebased/youtuber-stats. Retrying... (Attempt 1/3)
Timeout occurred for https://us.youtubers.me/pso/youtuber-stats. Retrying... (Attempt 1/3)
Timeout occurred for https://us.youtubers.me/ipalboy-tv/youtuber-stats. Retrying... (Attempt 1/3)
Timeout occurred for https://us.youtubers.me/sebastian-bails/youtuber-stats. Retrying... (Attempt 1/3)
Timeout occurred for https://us.youtubers.me/squishy-min-yoongi/youtuber-stats. Retrying... (Attempt 1/3)
Timeout occurred for https://us.youtubers.me/nerd-city/youtuber-stats. Retrying... (Attempt 1/3)
Timeout occurred for https://us.youtubers.me/nos-cayo-la-noche/youtuber-stats. Retrying... (Attempt 1/3)
Timeout occurred for https://us.youtubers.me/auralnauts/youtuber-stats. Retrying... (Attempt 1/3)
Timeout occurred for https://us.youtubers.me/edward-so/youtuber-stats. Retrying... (Attempt 1/3)
Timeout occurred for https://us.youtubers.me/jack-grady-magic/youtuber-stats. Retrying... (Attempt 1/3)
Timeout occurred for https://us.youtubers.me/5secondfilms/youtuber-stats. Retrying... (Attempt 1/3)
Timeout occurred for https://us.youtubers.me/summerella/youtuber-stats. Retrying... (Attempt 1/3)
Timeout occurred for https://us.youtubers.me/caitlyn-rae/youtuber-stats. Retrying... (Attempt 1/3)
Timeout occurred for https://us.youtubers.me/alejandro-szykula/youtuber-stats. Retrying... (Attempt 1/3)
Timeout occurred for https://us.youtubers.me/jesus-garcia-50ba937c-2bdf-4072-8121-dfc2d022af5a/youtuber-stats. Retrying... (Attempt 1/3)
Timeout occurred for https://us.youtubers.me/cody-wyatt/youtuber-stats. Retrying... (Attempt 1/3)
Timeout occurred for https://us.youtubers.me/bruno-jonssen/youtuber-stats. Retrying... (Attempt 1/3)
Timeout occurred for https://us.youtubers.me/steven-d/youtuber-stats. Retrying... (Attempt 1/3)
Timeout occurred for https://us.youtubers.me/krab/youtuber-stats. Retrying... (Attempt 1/3)
Timeout occurred for https://us.youtubers.me/lukeerwin23/youtuber-stats. Retrying... (Attempt 1/3)
Timeout occurred for https://us.youtubers.me/karencitta/youtuber-stats. Retrying... (Attempt 1/3)
Timeout occurred for https://us.youtubers.me/zoom-go/youtuber-stats. Retrying... (Attempt 1/3)
Timeout occurred for https://us.youtubers.me/pandacham-jamoasi/youtuber-stats. Retrying... (Attempt 1/3)
Timeout occurred for https://us.youtubers.me/comedy-time/youtuber-stats. Retrying... (Attempt 1/3)
Timeout occurred for https://us.youtubers.me/jeff-fm/youtuber-stats. Retrying... (Attempt 1/3)
Timeout occurred for https://us.youtubers.me/neil-mags/youtuber-stats. Retrying... (Attempt 1/3)
Timeout occurred for https://us.youtubers.me/melanie-celeste/youtuber-stats. Retrying... (Attempt 1/3)
Timeout occurred for https://us.youtubers.me/lostinplace/youtuber-stats. Retrying... (Attempt 1/3)
Timeout occurred for https://us.youtubers.me/showtime-k/youtuber-stats. Retrying... (Attempt 1/3)
Timeout occurred for https://us.youtubers.me/shottysteve/youtuber-stats. Retrying... (Attempt 1/3)
Timeout occurred for https://us.youtubers.me/jeffrey-x-2/youtuber-stats. Retrying... (Attempt 1/3)
Timeout occurred for https://us.youtubers.me/ruby-blvd-entertainment/youtuber-stats. Retrying... (Attempt 1/3)
Timeout occurred for https://us.youtubers.me/nickisnotgreen/youtuber-stats. Retrying... (Attempt 1/3)
Timeout occurred for https://us.youtubers.me/genievision/youtuber-stats. Retrying... (Attempt 1/3)
Timeout occurred for https://us.youtubers.me/alana-lintao/youtuber-stats. Retrying... (Attempt 1/3)
Timeout occurred for https://us.youtubers.me/tylerregan/youtuber-stats. Retrying... (Attempt 1/3)
Timeout occurred for https://us.youtubers.me/teachers-off-duty-podcast/youtuber-stats. Retrying... (Attempt 1/3)
Timeout occurred for https://us.youtubers.me/el-pio-rd/youtuber-stats. Retrying... (Attempt 1/3)
Timeout occurred for https://us.youtubers.me/jenna-julien/youtuber-stats. Retrying... (Attempt 1/3)
Timeout occurred for https://us.youtubers.me/the-carrot-and-potato-show/youtuber-stats. Retrying... (Attempt 1/3)
Timeout occurred for https://us.youtubers.me/gayrat/youtuber-stats. Retrying... (Attempt 1/3)
Timeout occurred for https://us.youtubers.me/pexguy-life/youtuber-stats. Retrying... (Attempt 1/3)
Timeout occurred for https://us.youtubers.me/lamont-holt/youtuber-stats. Retrying... (Attempt 1/3)
Timeout occurred for https://us.youtubers.me/mon-family/youtuber-stats. Retrying... (Attempt 1/3)
Timeout occurred for https://us.youtubers.me/like-asiya/youtuber-stats. Retrying... (Attempt 1/3)
Timeout occurred for https://us.youtubers.me/mesmerism-official/youtuber-stats. Retrying... (Attempt 1/3)
Timeout occurred for https://us.youtubers.me/the-thin-blue-line/youtuber-stats. Retrying... (Attempt 1/3)
Timeout occurred for https://us.youtubers.me/vince-dao/youtuber-stats. Retrying... (Attempt 1/3)
Timeout occurred for https://us.youtubers.me/extra-joe/youtuber-stats. Retrying... (Attempt 1/3)
Timeout occurred for https://us.youtubers.me/lipstickfables/youtuber-stats. Retrying... (Attempt 1/3)
Timeout occurred for https://us.youtubers.me/bigquint-indeed/youtuber-stats. Retrying... (Attempt 1/3)
Timeout occurred for https://us.youtubers.me/freververse/youtuber-stats. Retrying... (Attempt 1/3)
Timeout occurred for https://us.youtubers.me/bigbrudda/youtuber-stats. Retrying... (Attempt 1/3)
Timeout occurred for https://us.youtubers.me/kelsey-impicciche/youtuber-stats. Retrying... (Attempt 1/3)
Timeout occurred for https://us.youtubers.me/gummiclare/youtuber-stats. Retrying... (Attempt 1/3)
Timeout occurred for https://us.youtubers.me/junky-janker/youtuber-stats. Retrying... (Attempt 1/3)
Timeout occurred for https://us.youtubers.me/mabeinamerica/youtuber-stats. Retrying... (Attempt 1/3)
Timeout occurred for https://us.youtubers.me/ashdoesgames/youtuber-stats. Retrying... (Attempt 1/3)
Timeout occurred for https://us.youtubers.me/lourd-asprec/youtuber-stats. Retrying... (Attempt 1/3)
Timeout occurred for https://us.youtubers.me/alfredo-promotion-tv/youtuber-stats. Retrying... (Attempt 1/3)
Timeout occurred for https://us.youtubers.me/bahrom-media/youtuber-stats. Retrying... (Attempt 1/3)
Timeout occurred for https://us.youtubers.me/reggiebaybeetv/youtuber-stats. Retrying... (Attempt 1/3)
Timeout occurred for https://us.youtubers.me/jk-studios/youtuber-stats. Retrying... (Attempt 1/3)
Timeout occurred for https://us.youtubers.me/blunt-brothers-productions/youtuber-stats. Retrying... (Attempt 1/3)
Timeout occurred for https://us.youtubers.me/luchito/youtuber-stats. Retrying... (Attempt 1/3)
Timeout occurred for https://us.youtubers.me/bostontom/youtuber-stats. Retrying... (Attempt 1/3)
Timeout occurred for https://us.youtubers.me/just-helena/youtuber-stats. Retrying... (Attempt 1/3)
Timeout occurred for https://us.youtubers.me/coolkidshorts/youtuber-stats. Retrying... (Attempt 1/3)
Timeout occurred for https://us.youtubers.me/what-s-trending-0a8915fe-e289-4113-b2fb-95a49b2f6f95/youtuber-stats. Retrying... (Attempt 1/3)
Timeout occurred for https://us.youtubers.me/minimad/youtuber-stats. Retrying... (Attempt 1/3)
Timeout occurred for https://us.youtubers.me/kory-little/youtuber-stats. Retrying... (Attempt 1/3)
Timeout occurred for https://us.youtubers.me/funny-salai/youtuber-stats. Retrying... (Attempt 1/3)
Timeout occurred for https://us.youtubers.me/skycorp-home-video/youtuber-stats. Retrying... (Attempt 1/3)
Timeout occurred for https://us.youtubers.me/ben-brainard/youtuber-stats. Retrying... (Attempt 1/3)
Timeout occurred for https://us.youtubers.me/ian-kung/youtuber-stats. Retrying... (Attempt 1/3)
Timeout occurred for https://us.youtubers.me/zackrawrr/youtuber-stats. Retrying... (Attempt 1/3)
Timeout occurred for https://us.youtubers.me/chill-thesoul-out/youtuber-stats. Retrying... (Attempt 1/3)
Timeout occurred for https://us.youtubers.me/meme-asylum/youtuber-stats. Retrying... (Attempt 1/3)
Timeout occurred for https://us.youtubers.me/abk-crew/youtuber-stats. Retrying... (Attempt 1/3)
Timeout occurred for https://us.youtubers.me/joe-jo/youtuber-stats. Retrying... (Attempt 1/3)
Timeout occurred for https://us.youtubers.me/jailden-wold-uncut/youtuber-stats. Retrying... (Attempt 1/3)
Timeout occurred for https://us.youtubers.me/smlytp/youtuber-stats. Retrying... (Attempt 1/3)
Timeout occurred for https://us.youtubers.me/mister-emerson/youtuber-stats. Retrying... (Attempt 1/3)
Timeout occurred for https://us.youtubers.me/db-acd78b95-9e6e-4ae3-8df8-c5d1b8a95676/youtuber-stats. Retrying... (Attempt 1/3)
Timeout occurred for https://us.youtubers.me/chris-and-jack/youtuber-stats. Retrying... (Attempt 1/3)
Timeout occurred for https://us.youtubers.me/jesssoweird/youtuber-stats. Retrying... (Attempt 1/3)
Timeout occurred for https://us.youtubers.me/thestarfishy/youtuber-stats. Retrying... (Attempt 1/3)
Timeout occurred for https://us.youtubers.me/andrew-lowe/youtuber-stats. Retrying... (Attempt 1/3)
Timeout occurred for https://us.youtubers.me/liamkylesullivan/youtuber-stats. Retrying... (Attempt 1/3)
Timeout occurred for https://us.youtubers.me/we-are-mitu/youtuber-stats. Retrying... (Attempt 1/3)
Timeout occurred for https://us.youtubers.me/rafinsh/youtuber-stats. Retrying... (Attempt 1/3)
Timeout occurred for https://us.youtubers.me/taher-production/youtuber-stats. Retrying... (Attempt 1/3)
Timeout occurred for https://us.youtubers.me/thejessiishow/youtuber-stats. Retrying... (Attempt 1/3)
Timeout occurred for https://us.youtubers.me/life-of-jacob/youtuber-stats. Retrying... (Attempt 1/3)
Timeout occurred for https://us.youtubers.me/benson-dancing/youtuber-stats. Retrying... (Attempt 1/3)
Timeout occurred for https://us.youtubers.me/gianmarco-soresi/youtuber-stats. Retrying... (Attempt 1/3)
Timeout occurred for https://us.youtubers.me/funnyclips/youtuber-stats. Retrying... (Attempt 1/3)
Timeout occurred for https://us.youtubers.me/humorbagel/youtuber-stats. Retrying... (Attempt 1/3)
Timeout occurred for https://us.youtubers.me/knowyourmeme/youtuber-stats. Retrying... (Attempt 1/3)
Timeout occurred for https://us.youtubers.me/octopimp/youtuber-stats. Retrying... (Attempt 1/3)
Timeout occurred for https://us.youtubers.me/zane-little/youtuber-stats. Retrying... (Attempt 1/3)
Timeout occurred for https://us.youtubers.me/ratchetvideoweekly/youtuber-stats. Retrying... (Attempt 1/3)
Timeout occurred for https://us.youtubers.me/terrible-writing-advice/youtuber-stats. Retrying... (Attempt 1/3)
Timeout occurred for https://us.youtubers.me/woodsie-tv/youtuber-stats. Retrying... (Attempt 1/3)
Timeout occurred for https://us.youtubers.me/jle/youtuber-stats. Retrying... (Attempt 1/3)
Timeout occurred for https://us.youtubers.me/ugly-god/youtuber-stats. Retrying... (Attempt 1/3)
Timeout occurred for https://us.youtubers.me/nathan-barnatt/youtuber-stats. Retrying... (Attempt 1/3)
Timeout occurred for https://us.youtubers.me/the-yomyomf-network/youtuber-stats. Retrying... (Attempt 1/3)
Timeout occurred for https://us.youtubers.me/tabs24x7official/youtuber-stats. Retrying... (Attempt 1/3)
Timeout occurred for https://us.youtubers.me/jenn-melon/youtuber-stats. Retrying... (Attempt 1/3)
Timeout occurred for https://us.youtubers.me/country-club-adjacent/youtuber-stats. Retrying... (Attempt 1/3)
Timeout occurred for https://us.youtubers.me/slim-thug/youtuber-stats. Retrying... (Attempt 1/3)
Timeout occurred for https://us.youtubers.me/azfk/youtuber-stats. Retrying... (Attempt 1/3)
Timeout occurred for https://us.youtubers.me/no-panic-button-calm-down/youtuber-stats. Retrying... (Attempt 1/3)
Timeout occurred for https://us.youtubers.me/jakesterguy/youtuber-stats. Retrying... (Attempt 1/3)
Timeout occurred for https://us.youtubers.me/internet-comment-etiquette-with-erik/youtuber-stats. Retrying... (Attempt 1/3)
Timeout occurred for https://us.youtubers.me/doug-benson/youtuber-stats. Retrying... (Attempt 1/3)
Timeout occurred for https://us.youtubers.me/thebroadwayshow/youtuber-stats. Retrying... (Attempt 1/3)
Timeout occurred for https://us.youtubers.me/taryn-southern/youtuber-stats. Retrying... (Attempt 1/3)
Timeout occurred for https://us.youtubers.me/vic-dibitetto/youtuber-stats. Retrying... (Attempt 1/3)
Timeout occurred for https://us.youtubers.me/ha-hack-shorts/youtuber-stats. Retrying... (Attempt 1/3)
Timeout occurred for https://us.youtubers.me/kazak/youtuber-stats. Retrying... (Attempt 1/3)
Timeout occurred for https://us.youtubers.me/blue-ocean-music-tv/youtuber-stats. Retrying... (Attempt 1/3)
Timeout occurred for https://us.youtubers.me/cowbellytv/youtuber-stats. Retrying... (Attempt 1/3)
Timeout occurred for https://us.youtubers.me/papi/youtuber-stats. Retrying... (Attempt 1/3)
Timeout occurred for https://us.youtubers.me/david-lucas-6e6989ed-5394-4c02-88bf-95c5df0fa609/youtuber-stats. Retrying... (Attempt 1/3)
Timeout occurred for https://us.youtubers.me/tubejay/youtuber-stats. Retrying... (Attempt 1/3)
Timeout occurred for https://us.youtubers.me/the-zapper/youtuber-stats. Retrying... (Attempt 1/3)
Timeout occurred for https://us.youtubers.me/gilly-and-keeves/youtuber-stats. Retrying... (Attempt 1/3)
Timeout occurred for https://us.youtubers.me/danica-decosto/youtuber-stats. Retrying... (Attempt 1/3)
Timeout occurred for https://us.youtubers.me/na-le/youtuber-stats. Retrying... (Attempt 1/3)
Timeout occurred for https://us.youtubers.me/girlhefunnyaf44/youtuber-stats. Retrying... (Attempt 1/3)
Timeout occurred for https://us.youtubers.me/jinkiestv/youtuber-stats. Retrying... (Attempt 1/3)
Timeout occurred for https://us.youtubers.me/riri-bichri/youtuber-stats. Retrying... (Attempt 1/3)
Timeout occurred for https://us.youtubers.me/tyler-fischer/youtuber-stats. Retrying... (Attempt 1/3)
Timeout occurred for https://us.youtubers.me/alexis-g-zall/youtuber-stats. Retrying... (Attempt 1/3)
Timeout occurred for https://us.youtubers.me/nimesh-patel/youtuber-stats. Retrying... (Attempt 1/3)
Timeout occurred for https://us.youtubers.me/instavine/youtuber-stats. Retrying... (Attempt 1/3)
Timeout occurred for https://us.youtubers.me/codename-jesse/youtuber-stats. Retrying... (Attempt 1/3)
Timeout occurred for https://us.youtubers.me/blameitonkway/youtuber-stats. Retrying... (Attempt 1/3)
Timeout occurred for https://us.youtubers.me/marina-kruglova/youtuber-stats. Retrying... (Attempt 1/3)
Timeout occurred for https://us.youtubers.me/official-minks/youtuber-stats. Retrying... (Attempt 1/3)
Timeout occurred for https://us.youtubers.me/the-vines-grabber/youtuber-stats. Retrying... (Attempt 1/3)
Timeout occurred for https://us.youtubers.me/lyle-mcdouchebag/youtuber-stats. Retrying... (Attempt 1/3)
Scraped data for Smosh
Scraped data for TheOdd1sOut
Scraped data for Adam W
Scraped data for JennaMarbles
Scraped data for TheBrianMaps
Scraped data for Lele Pons
Scraped data for janin al chair
Scraped data for FailArmy
Scraped data for Kaykai Salaider
Scraped data for Liza Koshy
Scraped data for Fabru Blacutt
Scraped data for SpriteDer SPD
Scraped data for Dropout
Scraped data for Chad Wild Clay
Scraped data for The Mannii Show
Scraped data for Rclbeauty101
Scraped data for Anwar Jibawi
Scraped data for Just For Laughs Gags
Scraped data for Steven He
Scraped data for يوميات واحد عراقي | One Iraqi Diary
Scraped data for SBT
Scraped data for The LaBrant Fam
Scraped data for ExplosmEntertainment
Scraped data for Comedy Central
Scraped data for The Daily Show
Scraped data for FV FAMILY
Scraped data for Norman
Scraped data for Demariki
Scraped data for BigDawsTv
Scraped data for Jesse
Scraped data for Nora Power
Scraped data for Hannah Stocking
Scraped data for GOODLAND
Scraped data for Goodland Short
Scraped data for RiceGum
Scraped data for Bart Baker
Scraped data for OLIDA  Vlogs and Vines
Scraped data for Amyy Woahh
Scraped data for Jay & Sharon
Scraped data for I am MoBo
Scraped data for SEALOOK Official
Scraped data for Brad Mondo
Scraped data for Life Doodles short
Scraped data for Alex & Ksyu
Scraped data for CiproShow
Scraped data for Gabriel Iglesias
Scraped data for FatTV
Scraped data for Danny Duncan
Scraped data for Young Swagon
Scraped data for Louix
Scraped data for Joseph's Machines
Scraped data for Sturniolo Triplets
Scraped data for thelonelyisland
Scraped data for Rudy Mancuso
Scraped data for Onevilage
Scraped data for Imbrandonfarris
Scraped data for America's Funniest Home Videos
Scraped data for iDubbbzTV
Scraped data for Brandon Rogers
Scraped data for Danny Gonzalez
Scraped data for TooTurntTony
Scraped data for Mr. Clabik
Scraped data for Trav and Cor
Scraped data for John Casterline
Scraped data for Charles Brockman III (TheOnlyCB3)
Scraped data for Coby Persin
Scraped data for merrelltwins
Scraped data for Buttered Side Down
Scraped data for Nachter
Scraped data for Kyle Exum
Scraped data for clab_33
Scraped data for Key & Peele
Scraped data for TheOfficialLoganPaul
Scraped data for DOODLAND
Scraped data for 昕昕
Scraped data for Kyoot
Scraped data for Fur Family
Scraped data for h3h3Productions
Scraped data for Itakimo Bali
Scraped data for Hero DW
Scraped data for Rich Black Guy
Scraped data for Trevor Wallace
Scraped data for Tana Mongeau
Scraped data for Daniel Thrasher
Scraped data for Ownage Pranks
Scraped data for Shane Nagy
Scraped data for LOL Network
Scraped data for Dumb TV
Scraped data for Donut Operator
Scraped data for Avocado Couple Live
Scraped data for InnArt Life
Scraped data for Vines best fun
Scraped data for Yeol Ayres D.A.
Scraped data for МАРИК
Scraped data for Peachy
Scraped data for Fire Department Chronicles
Scraped data for NetFlex
Scraped data for Bombastic | بومباستك
Scraped data for Matt & Justus
Scraped data for Jeff Dunham
Scraped data for David The Baker
Scraped data for OmarGoshTV
Scraped data for whatever
Scraped data for Drew Gooden
Scraped data for courtreezy
Scraped data for Piemations
Scraped data for CartoonHooligans
Scraped data for TeamFourStar
Scraped data for Funny Vines
Scraped data for MysticGotJokes
Scraped data for RED21
Scraped data for Lewis Howes
Scraped data for NateGotKeys
Scraped data for RM Videos
Scraped data for Dorkly
Scraped data for KLR Productions
Scraped data for Jayllnn
Scraped data for Lenarr Young
Scraped data for JKrew Fam
Scraped data for PrankInvasion
Scraped data for Yong Ye
Scraped data for MosierWorks
Scraped data for Deny Montana
Scraped data for ElSmosh
Scraped data for YouTubers Sing
Scraped data for Funny Or Die
Scraped data for Parents Child
Scraped data for Claro the Third
Scraped data for Abyan Calief
Scraped data for WholeWheatPete
Scraped data for Kitboga
Scraped data for Kevin Parry
Scraped data for Theo Von
Scraped data for Candace Owens
Scraped data for Victoria Pfeifer
Scraped data for Jeremy Nadeau
Scraped data for JStuStudios
Scraped data for LA TIA LOLA
Scraped data for TheCrazyGorilla
Scraped data for SUPEReeeGO
Scraped data for Thee BlackBadger
Scraped data for Matt Rife
Scraped data for Poli Moli
Scraped data for softpomz
Scraped data for brewstewfilms
Scraped data for Jenn McAllister
Scraped data for LifeAccordingToJimmy
Scraped data for everett
Scraped data for Arcade Chick
Scraped data for Ice Cream Sandwich
Scraped data for Horchata Soto
Scraped data for Bagi Bagi Shorts
Scraped data for Colby Brock
Scraped data for itsonyambu
Scraped data for theDOMINICshow
Scraped data for BeastChild
Scraped data for Studio C
Scraped data for SpaceX US
Scraped data for CarlosLtv
Scraped data for CHAISORO
Scraped data for Tessa Brooks
Scraped data for Happiki
Scraped data for Garrett Watts
Scraped data for Marko en Youtube
Scraped data for Content Machine
Scraped data for Tré Melvin
Scraped data for Luqmanrv
Scraped data for SocksReact
Scraped data for Here's Johnny
Scraped data for 4ourBaby
Scraped data for Steven Schapiro
Scraped data for Bentellect
Scraped data for Carl Crusher
Scraped data for The Warp Zone
Scraped data for N / A
Scraped data for AOneCool
Scraped data for joshiiwuh
Scraped data for Hassan Khadair
Scraped data for Jeff Wittek
Scraped data for The Andrew Schulz
Scraped data for Dumb Genius
Scraped data for Poppy
Scraped data for Colleen Vlogs
Scraped data for Roy Purdy
Scraped data for The Gabriels
Scraped data for Adolfo Lora
Scraped data for Gus Johnson
Scraped data for Dai Hernández
Scraped data for Ozyrys
Scraped data for Cherdleys
Scraped data for Ricky Dillon
Scraped data for Jason Nash
Scraped data for Sam Golbach
Scraped data for N&A productions
Scraped data for George Janko
Scraped data for Are U Super Cereal
Scraped data for alyankovic
Scraped data for Conservative Twins
Scraped data for Shahboz Sattorov
Scraped data for Huyen Tran
Scraped data for always Kalyan
Scraped data for Dry Bar Comedy
Scraped data for memes by cowbelly
Scraped data for El 5
Scraped data for DJ Akademiks
Scraped data for Ed Bassmaster
Scraped data for Cellbit Lives
Scraped data for Psyched Substance
Scraped data for Danny Casale
Scraped data for AreYouKiddingTV
Scraped data for Mikaela Happas
Scraped data for iDubbbzTV2
Scraped data for Free Time
Scraped data for al jokes
Scraped data for danfart
Scraped data for Rich Ferguson
Scraped data for Buff Dudes
Scraped data for Awkward Puppets
Scraped data for Comedy Central Stand-Up
Scraped data for ComedyOn
Scraped data for Cracked
Scraped data for Kotiki_Z
Scraped data for isaacsamz
Scraped data for Hayrettin
Scraped data for Matthew Raymond
Scraped data for MC Squared90
Scraped data for The 85 South Comedy Show
Scraped data for Woa Parody Like
Scraped data for Rachel Ballinger
Scraped data for Charlie Berens
Scraped data for Scotty Sire
Scraped data for toonz CRAFT
Scraped data for Jessikatheprankster
Scraped data for Jakerton
Scraped data for Darryl Mayes
Scraped data for Brian Wiles
Scraped data for BroScienceLife
Scraped data for RAZE
Scraped data for Valja & Maxim Family
Scraped data for Rebecca Rogers
Scraped data for NILETTO
Scraped data for Christian DelGrosso
Scraped data for FunkyFrogBait
Scraped data for julien solomita
Scraped data for Hulu
Scraped data for Tpindell
Scraped data for Chanslaw
Scraped data for Young Don Animations
Scraped data for Redmau
Scraped data for SSJ9K
Scraped data for Cop Humor
Scraped data for The Weenie Family
Scraped data for Ali Spagnola
Scraped data for The Skorys
Scraped data for Dawsonish
Scraped data for fazz160
Scraped data for Firulais
Scraped data for Tabitha Swatosh
Scraped data for Tretan Universe
Scraped data for Heath Hussar
Scraped data for FUNG BROS.
Scraped data for Ted Nivison
Scraped data for Lance210
Scraped data for Austin White Shorts
Scraped data for MyHarto
Scraped data for gabschase
Scraped data for Crazy Nora
Scraped data for Lance Thirtyacre
Scraped data for OmgItsNikeFinesse
Scraped data for НОВЫЕ ВАЙНЫ
Scraped data for Jarvis Johnson
Scraped data for Soibahdee Channel
Scraped data for Woa Parody
Scraped data for YMH Studios
Scraped data for Brydell Cocky
Scraped data for BORIBOON FAMILY
Scraped data for Tarayummy
Scraped data for theFoxNoir
Scraped data for Guatsi
Scraped data for Salice Rose
Scraped data for Brizzy Voices
Scraped data for bri dominguez
Scraped data for Tyrone Magnus
Scraped data for Monfunny tv
Scraped data for Black Horse
Scraped data for Drew Talbert
Scraped data for MemerMan
Scraped data for Oscar Mel
Scraped data for Meghan McCarthy
Scraped data for Kris Diamond
Scraped data for Berlin
Scraped data for TheVincentMottola
Scraped data for mark dohner
Scraped data for Duncanyounot
Scraped data for Nextraker
Scraped data for Emmanuel N Phillip Hudson
Scraped data for Bobur Mansurov
Scraped data for Leo Koutakis
Scraped data for Ginger Billy
Scraped data for Berd
Scraped data for JelloApocalypse
Scraped data for rSlash
Scraped data for Bad Friends
Scraped data for MATH
Scraped data for Spoken Reasons
Scraped data for Medazelli
Scraped data for David Lopez
Scraped data for forrestfire101
Scraped data for Anthony Po
Scraped data for OVERNIGHT
Scraped data for Pastor David Rodriguez
Scraped data for Improv Everywhere
Scraped data for sev_tv
Scraped data for PatekTV
Scraped data for Josh Nasar
Scraped data for SMART COMEDY🤣🤣
Scraped data for Lauren Cruz
Scraped data for Arab
Scraped data for Jack Vale
Scraped data for Zach Clayton
Scraped data for Hila Klein
Scraped data for Julian Smith
Scraped data for Elvis The Alien
Scraped data for itsRucka
Scraped data for Nana Liu TNNC
Scraped data for Samah Furrha
Scraped data for Twan Kuyper
Scraped data for Fredo on TV
Scraped data for Don't Tell Comedy
Scraped data for Roger That Investing
Scraped data for HSTV
Scraped data for Domo Wilson
Scraped data for The Babylon Bee
Scraped data for Jaboody Dubs
Scraped data for FAMILYTVSV
Scraped data for Akaash Singh
Scraped data for ms_pam_a_cake official
Scraped data for gigaroom
Scraped data for D'Angelo Wallace
Scraped data for Jimmy Here
Scraped data for SteveGreeneComedy
Scraped data for Shooteo
Scraped data for Daidus
Scraped data for DADDYSON SHOW
Scraped data for Steve Mweusi
Scraped data for Jackson Guitars
Scraped data for Dane Boe
Scraped data for MediocreFilms
Scraped data for Brenden
Scraped data for ayydubs
Scraped data for Jimmy Zhang
Scraped data for Funny TV
Scraped data for Scuba Steph
Scraped data for Evelyn Gonzalez
Scraped data for Josh Wolf
Scraped data for Corey Scherer
Scraped data for Hoovies Garage
Scraped data for IRLrosie
Scraped data for Cartoon Connect
Scraped data for Pranksters in Love
Scraped data for Kurt Tocci
Scraped data for Ratta
Scraped data for ADAM
Scraped data for RedLetterMedia
Scraped data for dougmar
Scraped data for Fitness samka
Scraped data for Sam Tabor
Scraped data for Polar Reacts
Scraped data for Marta and Rustam Skits
Scraped data for DDG Snaps
Scraped data for Timmy's Takeout
Scraped data for EmazingEric4ever
Scraped data for Domo Wilson Music
Scraped data for Aaron Paulsen
Scraped data for By Fannys
Scraped data for Max Amini
Scraped data for RxCKSTxR
Scraped data for YAGORCHIK
Scraped data for PrankCity
Scraped data for Jay Nedaj
Scraped data for TyBott Official
Scraped data for JustKiddingFilms
Scraped data for Herrouchi
Scraped data for Lando Kalriz
Scraped data for Tra Rags
Scraped data for Xuân Hinh Official
Scraped data for Reelblack One
Scraped data for Film Cooper
Scraped data for 1.1TV
Scraped data for Women Power
Scraped data for Pleasant Peasant Media
Scraped data for АКАДЕМИЯ СМЕХА
Scraped data for Sunday Cool
Scraped data for Mahfousse
Scraped data for أحمد الجيشي
Scraped data for DeksyTheCat
Scraped data for YTLaugh
Scraped data for Eerie Discoveries
Scraped data for Chelcie Lynn
Scraped data for LIFE WITH ROYALTY
Scraped data for Abrahamdpe HD
Scraped data for Alex Drachnik
Scraped data for Angry Cops
Scraped data for Tingman
Scraped data for Andrew Glazunov
Scraped data for Cilvanis
Scraped data for DisStream
Scraped data for LaughPeriod
Scraped data for Kat Curtis
Scraped data for Baking Thursdays
Scraped data for Ninja Sex Party
Scraped data for Nina Drama
Scraped data for Montube tv
Scraped data for Jacques Ze Whipper
Scraped data for Chase & Melo Shorts
Scraped data for blueoceanmusiconline [Official]
Scraped data for OUR STUPID REACTIONS
Scraped data for Eryka Travel
Scraped data for FiFy Tells You
Scraped data for Esai Givens
Scraped data for Chris Klemens
Scraped data for Fire Dept. Coffee
Scraped data for MarcelasHoward
Scraped data for MARYNA
Scraped data for thecomputernerd01
Scraped data for WIZ COAL
Scraped data for Squillian
Scraped data for John-Marc van Wyk
Scraped data for overboardhumor
Scraped data for Kemar
Scraped data for Noodle
Scraped data for Arcade Assassin
Scraped data for Laugh Factory
Scraped data for DylaNz
Scraped data for GeorgeM
Scraped data for ★Josi Magic
Scraped data for GooseWayne
Scraped data for William Papadin
Scraped data for SNEAKO
Scraped data for Mahalia E.
Scraped data for CrowderBits
Scraped data for EnterTheDojoShow
Scraped data for Ahmed el-Tayeb
Scraped data for SimgmProductions
Scraped data for BigDawsVlogs
Scraped data for Natalya Ericka
Scraped data for gabi belle
Scraped data for Corey B
Scraped data for CalvinGrindz
Scraped data for Shad Kinda Funny
Scraped data for FunnyVines
Scraped data for TARTIN
Scraped data for Thái Vỹ Official - Tình Khúc Vượt Thời Gian
Scraped data for Laugh Over Life
Scraped data for Antik Mahmud
Scraped data for easycom
Scraped data for FunnyMeNow
Scraped data for Chamello
Scraped data for BossSupod
Scraped data for The Grumps
Scraped data for YesLaughYes
Scraped data for Tiger FunnyWorks
Scraped data for MMV Funny
Scraped data for MilesChronicles
Scraped data for JohnniRiddlin2.0
Scraped data for Destery Smith
Scraped data for 1 Minute Talk Show
Scraped data for Jessica Kirson
Scraped data for Thadd Boii
Scraped data for PanPersTube ©
Scraped data for Mwendokasi Tv
Scraped data for Hài Official
Scraped data for Corre Berg
Scraped data for MDM Sketch Comedy
Scraped data for Jo Koy
Scraped data for El George Harris
Scraped data for VentureswithMia
Scraped data for brian david gilbert
Scraped data for Nicktendo
Scraped data for MORTIS
Scraped data for ComedyWolf
Scraped data for Avaz Oxun
Scraped data for itsbambii Playhouse
Scraped data for Lahfa
Scraped data for The Omar Gosh Vlogs
Scraped data for Akana
Scraped data for MandJTV Plays
Scraped data for Carly and Erin
Scraped data for Jake polino
Scraped data for AOK
Scraped data for Matteo Lane
Scraped data for FunFailz
Scraped data for VET Tv
Scraped data for Corinne Victoria
Scraped data for The Anime Boiis
Scraped data for Bill Burr
Scraped data for Cilla and Maddy
Scraped data for Flame
Scraped data for Puppet Steve - Minecraft, FNAF & Toy Unboxings
Scraped data for FailArmy 2.0
Scraped data for Dumpster Dive King
Scraped data for Game Time
Scraped data for Internet Comment Etiquette with Erik
Scraped data for AJ Rafael
Scraped data for DominicDeAngelis
Scraped data for Man Made
Scraped data for Carmen Q Gollihar
Scraped data for diesel patches
Scraped data for Zippkey
Scraped data for OlanRogers
Scraped data for Gabe Erwin
Scraped data for Emily FitzGerald
Scraped data for BEEZ
Scraped data for joeybtoonz
Scraped data for محمد عبدالله المسمري
Scraped data for Mamrie Hart
Scraped data for NoiDaivo
Scraped data for KeyTV Network
Scraped data for VIK
Scraped data for JinkiesTV
Scraped data for Kmac2021
Scraped data for MerryMemes
Scraped data for TheMysticVlog
Scraped data for Codename Jesse
Scraped data for Minks
Scraped data for girlhefunnyaf44
Scraped data for Jenn Melon
Scraped data for Alexis G. Zall
Scraped data for Jorge Villarreal (Plantas y Zombis)
Scraped data for Lana Rhoades
Scraped data for Zakirovlar_Oilasi
Scraped data for soph
Scraped data for Dimension 20
Scraped data for Axel Parker
Scraped data for The Zapper
Scraped data for Blok & Dino
Scraped data for Cowbelly
Scraped data for Ha Hack Shorts
Scraped data for HumorBagel
Scraped data for Big Nik
Scraped data for Mister Emerson
Scraped data for Gilly and Keeves
Scraped data for JessiSmiles
Scraped data for TheBroadwayShow
Scraped data for Jakesterguy
Scraped data for Ben Brainard
Scraped data for SMLYTP
Scraped data for Kory Little
Scraped data for Zane Little
Scraped data for Coolkidshorts
Scraped data for TheJessiiShow
Scraped data for Luchito
Scraped data for Andrew Lowe
Scraped data for Chris and Jack
Scraped data for Gianmarco Soresi
Scraped data for MabeInAmerica
Scraped data for Blunt Brothers Productions
Scraped data for BigBrudda
Scraped data for Kelsey Impicciche
Scraped data for Impact
Scraped data for Santagato Studios
Scraped data for Mon Family
Scraped data for Mesmerism Official
Scraped data for Melanie Celeste
Scraped data for Teachers Off Duty Podcast
Scraped data for GénieVision
Scraped data for Alana Lintao
Scraped data for Scott Cramer
Scraped data for Lourd Asprec
Scraped data for ZOOM GO
Scraped data for Jenna Julien
Scraped data for Dengg
Scraped data for Jesus Garcia
Scraped data for Summerella
Scraped data for Edward So
Scraped data for Nerd City
Scraped data for Sebastian Bails
Scraped data for Приколы с озвучкой PSO
Scraped data for TOP TikTop
Scraped data for johnbcrist
Scraped data for Mr.Clabik - Friends
Scraped data for Some More News
Scraped data for Kozich
Scraped data for Life Story
Scraped data for Banana Cartoon
Scraped data for شحتلي😉
Scraped data for Danica DeCosto
Scraped data for laugh out loud flix
Scraped data for Comedyah
Scraped data for EVG
Scraped data for Randy Rainbow
Scraped data for Squishy Min Yoongi
Scraped data for iPalBoy Tv
Scraped data for TravieBASED
Scraped data for VTV
Scraped data for Fandroid Music
Scraped data for Alx James
Scraped data for Jake Rasmussen
Scraped data for Denis Davenport
Scraped data for Casa Comedy TV
Scraped data for Dr Shaym
Scraped data for Team StarKid
Scraped data for SKYES FAMILY
Scraped data for Daniel LaBelle Plus
Scraped data for Dez the Lez
Scraped data for Terrell Green
Scraped data for Brilliant News
Scraped data for Nathan Zed
Scraped data for LEGIQN
Scraped data for Sweedee
Scraped data for Steve Hofstetter
Scraped data for Prank HD
Scraped data for Pbros Show
Scraped data for Black Nerd Comedy
Scraped data for Crenozi
Scraped data for DarkMatter2525
Scraped data for tiffanyferg
Scraped data for You Betcha
Scraped data for Holderness Family Music
Scraped data for Jeremy Littel
Scraped data for OGlightskins
Scraped data for BlueJay
Scraped data for Youth Pastor Ryan
Scraped data for Fleccas Talks
Scraped data for Neil Cicierega
Scraped data for hannah montoya
Scraped data for Ryan The Leader
Scraped data for IdiotikShow
Scraped data for Two Hot Takes
Scraped data for Dilshod mirzamurotov (Gayrat)
Scraped data for Josue Thesis
Scraped data for Smith Benavides
Scraped data for Imbrandonfarris Shorts
Scraped data for Chanwills0
Scraped data for JustVidman
Scraped data for Chris And Tray
Scraped data for RANDOMinic
Scraped data for mahzaidi
Scraped data for Funny Vine Videos | FVV
Scraped data for Italianinho Global
Scraped data for dbHumor
Scraped data for CurtisLepore
Scraped data for The Tim Dillon Show
Scraped data for Max Challenge
Scraped data for Nkunim
Scraped data for Lost in the Pond
Scraped data for mark normand
Scraped data for ANDREY VG
Scraped data for Lilieth Martínez
Scraped data for Stavros Halkias
Scraped data for Catimation AI
Scraped data for Ordinary Sausage
Scraped data for Mikaela Long
Scraped data for Liam Vickers Animation
Scraped data for ADAM RAY OKAY
Scraped data for I'veGOT7
Scraped data for Mario Selman
Scraped data for tp comedy
Scraped data for Sarah Kaynee
Scraped data for MONO MARIO
Scraped data for Rachel Vlogs (MissRBaller)
Scraped data for ItsGoodBurgerEd
Scraped data for Daphnique Springs
Scraped data for Melissa Shoshahi
Scraped data for Ali Siddiq
Scraped data for Xia Capretta
Scraped data for Hoodskiiz
Scraped data for JokaH Tululu
Scraped data for Samuel Lewis
Scraped data for NoBiggieTV
Scraped data for Habitual Linecrosser
Scraped data for Jeremiah Phillips
Scraped data for Tony IPants
Scraped data for ZZang Funny
Scraped data for Shanna Malcolm
Scraped data for FTH Official
Scraped data for The Magic Crasher
Scraped data for L&P The Eagle
Scraped data for Jacob Cruikshank
Scraped data for Sebastian Maniscalco
Scraped data for PMX SOUNDZ
Scraped data for Sekavines
Scraped data for Best of Cải Lương
Scraped data for DaddyOFive
Scraped data for Anjelah Johnson-Reyes
Scraped data for ♠︎ Aqua Dubs ♠︎
Scraped data for Brian Moller - B Mo the Prince
Scraped data for FJerry
Scraped data for Ricardo Nelson
Scraped data for Loryn Powell
Scraped data for AyChristene
Scraped data for Country Club Adjacent
Scraped data for Karendcasss
Scraped data for The Best Fails
Scraped data for BabyTV Uz
Scraped data for ChristianAdamG
Scraped data for Sven Johnson
Scraped data for JustDellie
Scraped data for UGH IT'S JOE
Scraped data for Humor Period
Scraped data for Tom Segura
Scraped data for MugiMikey
Scraped data for Qalpoq
Scraped data for Netwix
Scraped data for SUPERFUN
Scraped data for spellbooked
Scraped data for RC Shorts
Scraped data for Dale Brisby
Scraped data for FreeShow
Scraped data for Undercover Cop!
Scraped data for Lukas Arnold
Scraped data for Kitty Bites
Scraped data for TheHTFAmv
Scraped data for Chocolate Sundaes Comedy
Scraped data for HUSBAND AND WIFE CHANNEL
Scraped data for NerZhul
Scraped data for Tyler Butterworth
Scraped data for THEREAL B NARD
Scraped data for Joke WRLD
Scraped data for Garrett Williamson
Scraped data for PreacherLawson
Scraped data for ExclamationPointYT
Scraped data for Sus Seth
Scraped data for Like Asiya
Scraped data for Grimmjack
Scraped data for TROYCETV
Scraped data for Alli Fitz
Scraped data for Bighomieblocks
Scraped data for ScooterMagruder
Scraped data for MyDigitalEscape
Scraped data for El Show de Piolin
Scraped data for sofiyabroyan
Scraped data for MrMaximus
Scraped data for TribeRamos
Scraped data for YMH Clips
Scraped data for sixteenleo
Scraped data for iBeShucks
Scraped data for MilesJaiProductions
Scraped data for Just Between Us
Scraped data for Convos TV
Scraped data for MacEZ
Scraped data for Folha Conservadora
Scraped data for UnsubscribePodcast
Scraped data for Ash Hardell
Scraped data for Joshua Carter
Scraped data for 🍟Monsieur frite🍟
Scraped data for Climate Town
Scraped data for The Fantastiques
Scraped data for Comedy Dynamics
Scraped data for Nephi Acaling
Scraped data for JaildenVR
Scraped data for nickisnotgreen
Scraped data for gummiclare
Scraped data for LOL Club
Scraped data for Microwave Society
Scraped data for Rob Anderson
Scraped data for LaiyaFace TV
Scraped data for KhianKB
Scraped data for All Things Comedy
Scraped data for Mitchell Davis
Scraped data for Violette1st
Scraped data for Abbos Kenja
Scraped data for CACI TWINS
Scraped data for Snickerly
Scraped data for EVAN
Scraped data for Saltydkdan
Scraped data for Syd & Olivia
Scraped data for HappySlip
Scraped data for La Guardia Cross
Scraped data for HelloXRyan
Scraped data for BabyLeague
Scraped data for Jawbreaker Juice
Scraped data for Luben TV
Scraped data for Crypto Oligarchy
Scraped data for The Boxing Antelope
Scraped data for Pat Kelly
Scraped data for Movies For Fool
Scraped data for Steven Deng
Scraped data for Of The Comics
Scraped data for Flusya
Scraped data for Lyle Forever
Scraped data for Eliseo Aguilar
Scraped data for Viktor Drago
Scraped data for 2M Media
Scraped data for dcigs
Scraped data for HTC GIẢI TRÍ VIỆT
Scraped data for LauraTrev1
Scraped data for QVZ
Scraped data for Scooby Snacc
Scraped data for Comedy Bites
Scraped data for Haminations em Português
Scraped data for El Pichy Films
Scraped data for DingleHopperz
Scraped data for HOORAE Media, An Issa Rae Company
Scraped data for K-Hunts Entertainment
Scraped data for Promote memes
Scraped data for PUMAS1313
Scraped data for MeeKhaylaYT Playz
Scraped data for Sarah Schauer
Scraped data for Watan Clips
Scraped data for Super Machines
Scraped data for NinaAndRanda
Scraped data for The TryPod
Scraped data for newgrounds
Scraped data for In Godfrey We Trust Podcast
Scraped data for Criticas QLS
Scraped data for Game Grumps Shorts
Scraped data for Jonah Riddle
Scraped data for Kaboom! GO
Scraped data for Andy Milonakis
Scraped data for ScreenRecap
Scraped data for Funny InstaVID
Scraped data for Infinite Vines
Scraped data for CHINO LIVE
Scraped data for Max Goodrich
Scraped data for timhawkinscomedy
Scraped data for MELF
Scraped data for Doogtoons
Scraped data for Weest
Scraped data for Top Kek
Scraped data for Amine Delta
Scraped data for Daniel Buyeske
Scraped data for K’ Hood
Scraped data for TheBoogShow
Scraped data for KoreanBeef27
Scraped data for Amanda McCants
Scraped data for I'm not Norm
Scraped data for MaxNoSleeves
Scraped data for Vibrator Productions
Scraped data for пупс
Scraped data for WhatsGoodMedia
Scraped data for Gajureal Channel
Scraped data for SHANSHAR
Scraped data for A Brush with Bekah
Scraped data for seanzoz
Scraped data for Oh My Disney
Scraped data for Chris & Emily
Scraped data for billyonthestreettv
Scraped data for Pelix
Scraped data for That's So Stupid
Scraped data for Jacob Sartorius Vlogs
Scraped data for Clair Hawkins
Scraped data for Rease
Scraped data for Rick Glassman
Scraped data for Marlon Webb
Scraped data for I'm Tom
Scraped data for Polygon Donut
Scraped data for Bored Shorts TV
Scraped data for Hooligan Christian
Scraped data for TyrantClowns
Scraped data for gentlebarn
Scraped data for Adin Kolansky
Scraped data for SamyPlays
Scraped data for Bek Vines
Scraped data for Clifford Owusu
Scraped data for Mischief Labz
Scraped data for AUM_CCP
Scraped data for ComedyHeaven
Scraped data for Blimey Cow
Scraped data for Andrew Santino
Scraped data for The Whitest Kids U'Know
Scraped data for Leanne Morgan Comedy
Scraped data for EliasRivera TV
Scraped data for Javo Machado
Scraped data for Brandon Calvillo
Scraped data for Marko Andruss
Scraped data for The Ellises
Scraped data for RazzaqTube
Scraped data for Kurosai
Scraped data for Kountry Wayne
Scraped data for Redneck Pudding
Scraped data for Dimension 20 Shorts
Scraped data for RedGreenTV
Scraped data for Dante D'Angelo
Scraped data for Hot Chilis
Scraped data for Kelvin Kate
Scraped data for Watch Me
Scraped data for Lena Official
Scraped data for 800 Pound Gorilla Media
Scraped data for Hiddenreaction
Scraped data for HUGA
Scraped data for Riri Bichri
Scraped data for tyler fischer
Scraped data for VEE3RDEYE
Scraped data for মিষ্টি প্রেম!
Scraped data for JRMun0z
Scraped data for TheDAITrickster
Scraped data for RADIAL STICK
Scraped data for MARINA KRUGLOVA
Scraped data for blameitonkway
Scraped data for tabs24x7Official
Scraped data for No Panic Button Calm Down
Scraped data for Nathan
Scraped data for Nimesh Patel
Scraped data for x6ari8x
Scraped data for The YOMYOMF Network
Scraped data for Youkeyy
Scraped data for Adam McIntyre
Scraped data for KvonComedy
Scraped data for InstaVine
Scraped data for Studio Level
Scraped data for Terrible Writing Advice
Scraped data for Demetrius Harmon
Scraped data for AZFK
Scraped data for Know Your Meme
Scraped data for Cantoons
Scraped data for VonVon TV
Scraped data for Easy Breezie
Scraped data for Monnie Drea
Scraped data for Damon Dominique
Scraped data for OldMcQueenReactionChannel
Scraped data for Banu Berberoglu
Scraped data for newabratv
Scraped data for Aaron and Jo
Scraped data for LA Turtle
Scraped data for Vic Dibitetto
Scraped data for KaZaK Bloger
Scraped data for David Lucas
Scraped data for FunnyClips
Scraped data for Wrath Club
Scraped data for Blue Ocean Music TV
Scraped data for Papi酱
Scraped data for Eddie Griffin
Scraped data for Imaray Ulloa
Scraped data for Kirafin
Scraped data for JLE
Scraped data for Joe Jitsukawa
Scraped data for Rafinsh
Scraped data for ABK Crew
Scraped data for Meme Asylum
Scraped data for ZackRawrr
Scraped data for Chill TheSoul Out
Scraped data for ian kung
Scraped data for FEO
Scraped data for Woodsie TV
Scraped data for Lily's Old YouTube Channel
Scraped data for Funny Salai
Scraped data for The Phillip Scott Show
Scraped data for Minimad
Scraped data for Octopimp
Scraped data for Now That’s Trending
Scraped data for Benson Dancing
Scraped data for Just Helena
Scraped data for Midnight Entertainment
Scraped data for BostonTom
Scraped data for we are mitú
Scraped data for LiamKyleSullivan
Scraped data for thestarfishy
Scraped data for Jesssoweird
Scraped data for Taryn Southern
Scraped data for Doug Benson
Scraped data for Slim Thug
Scraped data for The Big Play TV
Scraped data for AshDoesGames
Scraped data for junky janker
Scraped data for SkyCorp Home Video
Scraped data for The Tea Room
Scraped data for Brilliant Idiots
Scraped data for Actual Justice Warrior
Scraped data for JK! Studios
Scraped data for FREVERVERSE
Scraped data for BIGQUINT INDEED
Scraped data for Comedy Time
Scraped data for LipstickFables
Scraped data for Ruby Blvd Entertainment
Scraped data for El Pio RD
Scraped data for PEXGUY life
Scraped data for ReggieBaybeeTv
Scraped data for neil&mags
Scraped data for JEFF FM
Scraped data for Lamont Holt
Scraped data for The Carrot and Potato Show
Scraped data for shottysteve
Scraped data for showtime k
Scraped data for JR•Memes
Scraped data for LostInPlace
Scraped data for Vince Dao
Scraped data for The Thin Blue Line
Scraped data for Bahrom Media
Scraped data for TylerRegan
Scraped data for PANDACHAM JAMOASI
Scraped data for Karencitta
Scraped data for LukeErwin23
Scraped data for Alfredo Promotion Tv
Scraped data for krab
Scraped data for Bruno Jonssen
Scraped data for Cody & Wyatt
Scraped data for LoCo Arts
Scraped data for Caitlyn Rae
Scraped data for 5secondfilms
Scraped data for Jack Grady Magic
Scraped data for Auralnauts
Scraped data for Nos Cayó La Noche
Full data has been scraped and saved to /home/sshong/YouTube/gaming/data_csv/channels_2025-02-04.csv
Total number of entries in full data: 1000
Channel IDs have been saved to /home/sshong/YouTube/gaming/data_csv/channel_id.csv
Number of non-empty channel IDs: 1000
Traceback (most recent call last):
  File "/home/sshong/YouTube/comedy/src_py/channel.py", line 71, in <module>
    youtube_search(args)
  File "/home/sshong/YouTube/comedy/src_py/channel.py", line 38, in youtube_search
    with open(csv_path, 'r') as csvfile:
FileNotFoundError: [Errno 2] No such file or directory: '/home/sshong/YouTube/comedy/data_csv/channel_id.csv'
Running ranking.py...
Finished running ranking.py

Running channel.py...
Traceback (most recent call last):
  File "comedy/src_py/main.py", line 19, in <module>
    subprocess.run(["python3", script_path], check=True)
  File "/usr/lib/python3.8/subprocess.py", line 516, in run
    raise CalledProcessError(retcode, process.args,
subprocess.CalledProcessError: Command '['python3', '/home/sshong/YouTube/comedy/src_py/channel.py']' returned non-zero exit status 1.
